[90m2025-11-11 22:43:05.601 INFO[0m OS: Linux 4.18.0-305.57.1.el8_4.x86_64 amd64
[90m2025-11-11 22:43:05.647 INFO[0m Java: OpenJDK 64-Bit Server VM 17.0.17+10
[90m2025-11-11 22:43:05.698 INFO[0m Discovering classes in classpath
[90m2025-11-11 22:43:05.859 INFO[0m Preparing simple class references
[90m2025-11-11 22:43:05.937 INFO[0m Gedi version 1.0.6d (JAR) startup
[90m2025-11-11 22:43:05.938 INFO[0m Command: gedi -e IndexGenome -s /project/lbarreiro/SHARED/REFERENCES/Homo_sapiens/GATK/GRCh38/GRCh38.primary_assembly.genome.fa -a data/ncbi_refseq_hg38/ncbi_refseq_hg38.gtf.gz -f data/gedi_indexes -o data/gedi_indexes/ncbi_refseq_hg38.gtf_metadata.oml -n ncbi_refseq_hg38.gtf -nobowtie -nostar -nokallisto
Indexed fasta file in data/gedi_indexes/GRCh38.primary_assembly.genome.fi
GenomicRegion not unique (keep Transcript [geneId=NLRP2, transcriptId=NM_001174081.3_3, codingStart=872770, codingEnd=903680], discard Transcript [geneId=NLRP2, transcriptId=NM_017852.5_3, codingStart=872770, codingEnd=903680])
GenomicRegion not unique (keep Transcript [geneId=EHMT2, transcriptId=NM_001363689.2, codingStart=3181305, codingEnd=3190826], discard Transcript [geneId=EHMT2, transcriptId=NM_006709.5, codingStart=3181305, codingEnd=3190826])
GenomicRegion not unique (keep Transcript [geneId=EHMT2, transcriptId=NM_001289413.2, codingStart=3181305, codingEnd=3190826], discard Transcript [geneId=EHMT2, transcriptId=NM_025256.7, codingStart=3181305, codingEnd=3190826])
GenomicRegion not unique (keep Transcript [geneId=MUC22, transcriptId=NM_001318484.1, codingStart=2306836, codingEnd=2335673], discard Transcript [geneId=MUC22, transcriptId=NM_001322469.1, codingStart=2306836, codingEnd=2335673])
GenomicRegion not unique (keep Transcript [geneId=GABBR1, transcriptId=NM_021904.4, codingStart=-1, codingEnd=-1], discard Transcript [geneId=GABBR1, transcriptId=NM_001319053.2, codingStart=-1, codingEnd=-1])
GenomicRegion not unique (keep Transcript [geneId=GABBR1, transcriptId=NM_021904.4, codingStart=-1, codingEnd=-1], discard Transcript [geneId=GABBR1, transcriptId=NM_001470.4, codingStart=-1, codingEnd=-1])
GenomicRegion not unique (keep Transcript [geneId=MUC22, transcriptId=NM_001318484.1_2, codingStart=2261734, codingEnd=2290575], discard Transcript [geneId=MUC22, transcriptId=NM_001322469.1_2, codingStart=2261734, codingEnd=2290575])
GenomicRegion not unique (keep Transcript [geneId=MUC22, transcriptId=NM_001318484.1_3, codingStart=2350265, codingEnd=2379077], discard Transcript [geneId=MUC22, transcriptId=NM_001322469.1_3, codingStart=2350265, codingEnd=2379077])
GenomicRegion not unique (keep Transcript [geneId=MUC21, transcriptId=NM_001322371.2_2, codingStart=2328096, codingEnd=2332337], discard Transcript [geneId=MUC21, transcriptId=NM_001322370.2, codingStart=2328096, codingEnd=2332337])
GenomicRegion not unique (keep Transcript [geneId=DDR1, transcriptId=NM_001202522.1_2, codingStart=2232878, codingEnd=2249066], discard Transcript [geneId=DDR1, transcriptId=NM_001202521.1_2, codingStart=2232878, codingEnd=2249066])
GenomicRegion not unique (keep Transcript [geneId=DDR1, transcriptId=NM_001387906.1_2, codingStart=2232878, codingEnd=2249066], discard Transcript [geneId=DDR1, transcriptId=NM_013994.3_2, codingStart=2232878, codingEnd=2249066])
GenomicRegion not unique (keep Transcript [geneId=DDR1, transcriptId=NM_001387906.1_2, codingStart=2232878, codingEnd=2249066], discard Transcript [geneId=DDR1, transcriptId=NM_001297654.2_2, codingStart=2232878, codingEnd=2249066])
GenomicRegion not unique (keep Transcript [geneId=DDR1, transcriptId=NM_001387906.1_2, codingStart=2232878, codingEnd=2249066], discard Transcript [geneId=DDR1, transcriptId=NM_001297653.2_2, codingStart=2232878, codingEnd=2249066])
GenomicRegion not unique (keep Transcript [geneId=DDR1, transcriptId=NM_001387916.1_2, codingStart=2232878, codingEnd=2249066], discard Transcript [geneId=DDR1, transcriptId=NM_013993.3_2, codingStart=2232878, codingEnd=2249066])
GenomicRegion not unique (keep Transcript [geneId=DDR1, transcriptId=NM_001387898.1_2, codingStart=2232878, codingEnd=2249066], discard Transcript [geneId=DDR1, transcriptId=NM_001387907.1_2, codingStart=2232878, codingEnd=2249066])
GenomicRegion not unique (keep Transcript [geneId=DDR1, transcriptId=NM_001387898.1_2, codingStart=2232878, codingEnd=2249066], discard Transcript [geneId=DDR1, transcriptId=NM_001387913.1_2, codingStart=2232878, codingEnd=2249066])
GenomicRegion not unique (keep Transcript [geneId=DDR1, transcriptId=NM_001387914.1_2, codingStart=2232878, codingEnd=2249066], discard Transcript [geneId=DDR1, transcriptId=NM_001387902.1_2, codingStart=2232878, codingEnd=2249066])
GenomicRegion not unique (keep Transcript [geneId=DDR1, transcriptId=NM_001387895.1_2, codingStart=2232878, codingEnd=2249066], discard Transcript [geneId=DDR1, transcriptId=NM_001954.5_2, codingStart=2232878, codingEnd=2249066])
GenomicRegion not unique (keep Transcript [geneId=DDR1, transcriptId=NM_001387892.1_2, codingStart=2232878, codingEnd=2249066], discard Transcript [geneId=DDR1, transcriptId=NM_001387905.1_2, codingStart=2232878, codingEnd=2249066])
GenomicRegion not unique (keep Transcript [geneId=DDR1, transcriptId=NM_001387892.1_2, codingStart=2232878, codingEnd=2249066], discard Transcript [geneId=DDR1, transcriptId=NM_001387900.1_2, codingStart=2232878, codingEnd=2249066])
GenomicRegion not unique (keep Transcript [geneId=DDR1, transcriptId=NM_001387892.1_2, codingStart=2232878, codingEnd=2249066], discard Transcript [geneId=DDR1, transcriptId=NM_001297652.2_2, codingStart=2232878, codingEnd=2249066])
GenomicRegion not unique (keep Transcript [geneId=DDR1, transcriptId=NM_001387918.1_2, codingStart=2232878, codingEnd=2249066], discard Transcript [geneId=DDR1, transcriptId=NM_001387894.1_2, codingStart=2232878, codingEnd=2249066])
GenomicRegion not unique (keep Transcript [geneId=DDR1, transcriptId=NM_001387897.1_2, codingStart=2232878, codingEnd=2249066], discard Transcript [geneId=DDR1, transcriptId=NM_001387915.1_2, codingStart=2232878, codingEnd=2249066])
GenomicRegion not unique (keep Transcript [geneId=DDR1, transcriptId=NM_001387908.1_2, codingStart=2232878, codingEnd=2249066], discard Transcript [geneId=DDR1, transcriptId=NM_001387893.1_2, codingStart=2232878, codingEnd=2249066])
GenomicRegion not unique (keep Transcript [geneId=HLA-F, transcriptId=NM_018950.3_3, codingStart=986189, codingEnd=988296], discard Transcript [geneId=HLA-F, transcriptId=NM_001098479.2_3, codingStart=986189, codingEnd=988296])
GenomicRegion not unique (keep Transcript [geneId=KIR3DL2, transcriptId=NM_001242867.2_30, codingStart=858320, codingEnd=860147], discard Transcript [geneId=KIR3DL2, transcriptId=NM_006737.4_30, codingStart=858320, codingEnd=860147])
GenomicRegion not unique (keep Transcript [geneId=VPS52, transcriptId=NM_001289174.2_4, codingStart=4670301, codingEnd=4671435], discard Transcript [geneId=VPS52, transcriptId=NM_022553.6_4, codingStart=4670301, codingEnd=4671435])
GenomicRegion not unique (keep Transcript [geneId=VPS52, transcriptId=NM_001289176.1_4, codingStart=4670301, codingEnd=4671435], discard Transcript [geneId=VPS52, transcriptId=NM_001289175.1_4, codingStart=4670301, codingEnd=4671435])
GenomicRegion not unique (keep Transcript [geneId=TNXB, transcriptId=NM_019105.8_4, codingStart=3369798, codingEnd=3403198], discard Transcript [geneId=TNXB, transcriptId=NM_001365276.2_4, codingStart=3369798, codingEnd=3403198])
GenomicRegion not unique (keep Transcript [geneId=MSH5, transcriptId=NM_172165.4_4, codingStart=3045513, codingEnd=3052474], discard Transcript [geneId=MSH5, transcriptId=NM_172166.4_4, codingStart=3045513, codingEnd=3052474])
GenomicRegion not unique (keep Transcript [geneId=MUC22, transcriptId=NM_001318484.1_4, codingStart=2302080, codingEnd=2345453], discard Transcript [geneId=MUC22, transcriptId=NM_001322469.1_4, codingStart=2302080, codingEnd=2345453])
GenomicRegion not unique (keep Transcript [geneId=BRD2, transcriptId=NM_001199456.2_5, codingStart=4221379, codingEnd=4224251], discard Transcript [geneId=BRD2, transcriptId=NM_001113182.3_5, codingStart=4221379, codingEnd=4224251])
GenomicRegion not unique (keep Transcript [geneId=BRD2, transcriptId=NM_001199456.2_5, codingStart=4221379, codingEnd=4224251], discard Transcript [geneId=BRD2, transcriptId=NM_001291986.2_5, codingStart=4221379, codingEnd=4224251])
GenomicRegion not unique (keep Transcript [geneId=BRD2, transcriptId=NM_001199456.2_5, codingStart=4221379, codingEnd=4224251], discard Transcript [geneId=BRD2, transcriptId=NM_005104.4_5, codingStart=4221379, codingEnd=4224251])
GenomicRegion not unique (keep Transcript [geneId=MUC21, transcriptId=NM_001322371.2_3, codingStart=2240261, codingEnd=2244492], discard Transcript [geneId=MUC21, transcriptId=NM_001322370.2_3, codingStart=2240261, codingEnd=2244492])
GenomicRegion not unique (keep Transcript [geneId=ABR, transcriptId=NM_021962.5, codingStart=45326, codingEnd=140753], discard Transcript [geneId=ABR, transcriptId=NM_001322840.2, codingStart=45326, codingEnd=140753])
GenomicRegion not unique (keep Transcript [geneId=APBA2, transcriptId=NM_001130414.1, codingStart=1328842, codingEnd=1392176], discard Transcript [geneId=APBA2, transcriptId=NM_001353792.2, codingStart=1328842, codingEnd=1392176])
GenomicRegion not unique (keep Transcript [geneId=APBA2, transcriptId=NM_005503.3, codingStart=1328842, codingEnd=1392176], discard Transcript [geneId=APBA2, transcriptId=NM_001353788.2, codingStart=1328842, codingEnd=1392176])
GenomicRegion not unique (keep Transcript [geneId=TUBGCP5, transcriptId=NM_001102610.2, codingStart=1571, codingEnd=4276], discard Transcript [geneId=TUBGCP5, transcriptId=NM_001354374.2, codingStart=1571, codingEnd=4276])
GenomicRegion not unique (keep Transcript [geneId=TUBGCP5, transcriptId=NM_001102610.2, codingStart=1571, codingEnd=4276], discard Transcript [geneId=TUBGCP5, transcriptId=NM_001354373.2, codingStart=1571, codingEnd=4276])
GenomicRegion not unique (keep Transcript [geneId=TUBGCP5, transcriptId=NM_001102610.2, codingStart=1571, codingEnd=4276], discard Transcript [geneId=TUBGCP5, transcriptId=NM_001354376.2, codingStart=1571, codingEnd=4276])
GenomicRegion not unique (keep Transcript [geneId=TUBGCP5, transcriptId=NM_001102610.2, codingStart=1571, codingEnd=4276], discard Transcript [geneId=TUBGCP5, transcriptId=NM_001354375.2, codingStart=1571, codingEnd=4276])
GenomicRegion not unique (keep Transcript [geneId=TUBGCP5, transcriptId=NM_001102610.2, codingStart=1571, codingEnd=4276], discard Transcript [geneId=TUBGCP5, transcriptId=NM_052903.6, codingStart=1571, codingEnd=4276])
GenomicRegion not unique (keep Transcript [geneId=TUBGCP5, transcriptId=NM_001354377.2, codingStart=1542, codingEnd=4276], discard Transcript [geneId=TUBGCP5, transcriptId=NM_001354378.2, codingStart=1542, codingEnd=4276])
GenomicRegion not unique (keep Transcript [geneId=TUBGCP5, transcriptId=NM_001354377.2, codingStart=1542, codingEnd=4276], discard Transcript [geneId=TUBGCP5, transcriptId=NM_001354372.2, codingStart=1542, codingEnd=4276])
GenomicRegion not unique (keep Transcript [geneId=MUC22, transcriptId=NM_001318484.1_5, codingStart=2485717, codingEnd=2514632], discard Transcript [geneId=MUC22, transcriptId=NM_001322469.1_6, codingStart=2485717, codingEnd=2514632])
GenomicRegion not unique (keep Transcript [geneId=MUC21, transcriptId=NM_001322371.2_4, codingStart=2463529, codingEnd=2467775], discard Transcript [geneId=MUC21, transcriptId=NM_001322370.2_4, codingStart=2463529, codingEnd=2467775])
GenomicRegion not unique (keep Transcript [geneId=MCCC2, transcriptId=NM_022132.5, codingStart=1117400, codingEnd=1134443], discard Transcript [geneId=MCCC2, transcriptId=NM_001363147.1, codingStart=1117400, codingEnd=1134443])
GenomicRegion not unique (keep Transcript [geneId=LINC01881, transcriptId=NR_130699.1, codingStart=-1, codingEnd=-1], discard Transcript [geneId=LINC01881, transcriptId=NR_130702.1, codingStart=-1, codingEnd=-1])
GenomicRegion not unique (keep Transcript [geneId=RBFOX2, transcriptId=NM_001394112.1, codingStart=65202, codingEnd=259897], discard Transcript [geneId=RBFOX2, transcriptId=NM_001349996.2, codingStart=65202, codingEnd=259897])
GenomicRegion not unique (keep Transcript [geneId=RBFOX2, transcriptId=NM_001082579.3, codingStart=65202, codingEnd=259897], discard Transcript [geneId=RBFOX2, transcriptId=NM_001349989.2, codingStart=65202, codingEnd=259897])
GenomicRegion not unique (keep Transcript [geneId=RBFOX2, transcriptId=NM_001394113.1, codingStart=65202, codingEnd=259897], discard Transcript [geneId=RBFOX2, transcriptId=NM_001349990.2, codingStart=65202, codingEnd=259897])
GenomicRegion not unique (keep Transcript [geneId=RBFOX2, transcriptId=NM_001394115.1, codingStart=65192, codingEnd=259897], discard Transcript [geneId=RBFOX2, transcriptId=NM_001349994.2, codingStart=65192, codingEnd=259897])
GenomicRegion not unique (keep Transcript [geneId=LSS, transcriptId=NM_001145436.2, codingStart=52473, codingEnd=80944], discard Transcript [geneId=LSS, transcriptId=NM_002340.6, codingStart=52473, codingEnd=80944])
GenomicRegion not unique (keep Transcript [geneId=FTCD, transcriptId=NM_001320412.2, codingStart=4875, codingEnd=14582], discard Transcript [geneId=FTCD, transcriptId=NM_006657.3, codingStart=4875, codingEnd=14582])
GenomicRegion not unique (keep Transcript [geneId=FTCD, transcriptId=NM_001320412.2, codingStart=4875, codingEnd=14582], discard Transcript [geneId=FTCD, transcriptId=NM_206965.2, codingStart=4875, codingEnd=14582])
GenomicRegion not unique (keep Transcript [geneId=GART, transcriptId=NM_001136006.1, codingStart=108253, codingEnd=115588], discard Transcript [geneId=GART, transcriptId=NM_001136005.1, codingStart=108253, codingEnd=115588])
GenomicRegion not unique (keep Transcript [geneId=PAXBP1, transcriptId=NM_013329.4, codingStart=726, codingEnd=2590], discard Transcript [geneId=PAXBP1, transcriptId=NM_016631.4, codingStart=726, codingEnd=2590])
GenomicRegion not unique (keep Transcript [geneId=OPRL1, transcriptId=NM_001318855.1, codingStart=2747, codingEnd=3745], discard Transcript [geneId=OPRL1, transcriptId=NM_001318854.1, codingStart=2747, codingEnd=3745])
GenomicRegion not unique (keep Transcript [geneId=OPRL1, transcriptId=NM_001318853.2, codingStart=2722, codingEnd=3832], discard Transcript [geneId=OPRL1, transcriptId=NM_001200019.2, codingStart=2722, codingEnd=3745])
GenomicRegion not unique (keep Transcript [geneId=OPRL1, transcriptId=NM_001318853.2, codingStart=2722, codingEnd=3832], discard Transcript [geneId=OPRL1, transcriptId=NM_000913.6, codingStart=2722, codingEnd=3745])
GenomicRegion not unique (keep Transcript [geneId=OPRL1, transcriptId=NM_001318853.2, codingStart=2722, codingEnd=3832], discard Transcript [geneId=OPRL1, transcriptId=NM_182647.4, codingStart=2722, codingEnd=3745])
GenomicRegion not unique (keep Transcript [geneId=KCNQ2, transcriptId=NM_001382235.1, codingStart=182, codingEnd=33239], discard Transcript [geneId=KCNQ2, transcriptId=NM_172106.3, codingStart=182, codingEnd=33239])
GenomicRegion not unique (keep Transcript [geneId=CDH4, transcriptId=NM_001252338.2, codingStart=8602, codingEnd=50593], discard Transcript [geneId=CDH4, transcriptId=NM_001252339.3, codingStart=8602, codingEnd=50593])
GenomicRegion not unique (keep Transcript [geneId=CDH4, transcriptId=NM_001252338.2, codingStart=8602, codingEnd=50593], discard Transcript [geneId=CDH4, transcriptId=NM_001794.5, codingStart=8602, codingEnd=50593])
GenomicRegion not unique (keep Transcript [geneId=GPI, transcriptId=NM_001329911.2, codingStart=14458, codingEnd=30733], discard Transcript [geneId=GPI, transcriptId=NM_000175.5, codingStart=14458, codingEnd=30733])
GenomicRegion not unique (keep Transcript [geneId=ZNF43, transcriptId=NM_001256653.2, codingStart=168796, codingEnd=170222], discard Transcript [geneId=ZNF43, transcriptId=NM_001256648.2, codingStart=168796, codingEnd=170222])
GenomicRegion not unique (keep Transcript [geneId=ZNF43, transcriptId=NM_001256653.2, codingStart=168796, codingEnd=170222], discard Transcript [geneId=ZNF43, transcriptId=NM_001256650.2, codingStart=168796, codingEnd=170222])
GenomicRegion not unique (keep Transcript [geneId=ZNF43, transcriptId=NM_001256653.2, codingStart=168796, codingEnd=170222], discard Transcript [geneId=ZNF43, transcriptId=NM_003423.4, codingStart=168796, codingEnd=170222])
GenomicRegion not unique (keep Transcript [geneId=ZNF43, transcriptId=NM_001256653.2, codingStart=168796, codingEnd=170222], discard Transcript [geneId=ZNF43, transcriptId=NM_001256649.2, codingStart=168796, codingEnd=170222])
GenomicRegion not unique (keep Transcript [geneId=ZNF43, transcriptId=NM_001256653.2, codingStart=168796, codingEnd=170222], discard Transcript [geneId=ZNF43, transcriptId=NM_001256654.2, codingStart=168796, codingEnd=170222])
GenomicRegion not unique (keep Transcript [geneId=ZNF43, transcriptId=NM_001256653.2, codingStart=168796, codingEnd=170222], discard Transcript [geneId=ZNF43, transcriptId=NM_001256651.2, codingStart=168796, codingEnd=170222])
GenomicRegion not unique (keep Transcript [geneId=CTDP1, transcriptId=NM_004715.5, codingStart=122580, codingEnd=160679], discard Transcript [geneId=CTDP1, transcriptId=NM_001318511.2, codingStart=122580, codingEnd=160679])
GenomicRegion not unique (keep Transcript [geneId=CPEB1, transcriptId=NM_030594.5, codingStart=333696, codingEnd=416473], discard Transcript [geneId=CPEB1, transcriptId=NM_001365245.1, codingStart=333696, codingEnd=360602])
GenomicRegion not unique (keep Transcript [geneId=CPEB1, transcriptId=NM_001365242.1, codingStart=333696, codingEnd=417565], discard Transcript [geneId=CPEB1, transcriptId=NM_001365241.1, codingStart=333696, codingEnd=417565])
GenomicRegion not unique (keep Transcript [geneId=CPEB1, transcriptId=NM_001387069.1, codingStart=333696, codingEnd=360602], discard Transcript [geneId=CPEB1, transcriptId=NM_001387074.1, codingStart=333696, codingEnd=360602])
GenomicRegion not unique (keep Transcript [geneId=MEGF11, transcriptId=NM_001385028.1, codingStart=849, codingEnd=232358], discard Transcript [geneId=MEGF11, transcriptId=NM_001385029.1, codingStart=849, codingEnd=232358])
GenomicRegion not unique (keep Transcript [geneId=TUBGCP3, transcriptId=NM_001286277.2, codingStart=286962, codingEnd=305687], discard Transcript [geneId=TUBGCP3, transcriptId=NM_006322.6, codingStart=286962, codingEnd=305687])
GenomicRegion not unique (keep Transcript [geneId=ANO4, transcriptId=NM_178826.4, codingStart=137402, codingEnd=152874], discard Transcript [geneId=ANO4, transcriptId=NM_001286615.2, codingStart=137402, codingEnd=152874])
GenomicRegion not unique (keep Transcript [geneId=DEAF1, transcriptId=NM_021008.4, codingStart=176429, codingEnd=206711], discard Transcript [geneId=DEAF1, transcriptId=NM_001367390.1, codingStart=176429, codingEnd=206711])
GenomicRegion not unique (keep Transcript [geneId=PTDSS2, transcriptId=NM_001329548.2, codingStart=3533, codingEnd=20223], discard Transcript [geneId=PTDSS2, transcriptId=NM_030783.3, codingStart=3533, codingEnd=20223])
GenomicRegion not unique (keep Transcript [geneId=MARCHF8, transcriptId=NM_001401646.1, codingStart=299069, codingEnd=305158], discard Transcript [geneId=MARCHF8, transcriptId=NM_001401645.1, codingStart=299069, codingEnd=305158])
GenomicRegion not unique (keep Transcript [geneId=ADAM9, transcriptId=NM_003816.3, codingStart=7545, codingEnd=9383], discard Transcript [geneId=ADAM9, transcriptId=NR_027638.2, codingStart=-1, codingEnd=-1])
GenomicRegion not unique (keep Transcript [geneId=ADAM9, transcriptId=NM_003816.3, codingStart=7545, codingEnd=9383], discard Transcript [geneId=ADAM9, transcriptId=NR_027639.2, codingStart=-1, codingEnd=-1])
GenomicRegion not unique (keep Transcript [geneId=ADAM9, transcriptId=NM_003816.3, codingStart=7545, codingEnd=9383], discard Transcript [geneId=ADAM9, transcriptId=NR_027878.2, codingStart=-1, codingEnd=-1])
GenomicRegion not unique (keep Transcript [geneId=LOC105377785, transcriptId=NR_168444.1, codingStart=-1, codingEnd=-1], discard Transcript [geneId=LOC105377785, transcriptId=NR_168442.1, codingStart=-1, codingEnd=-1])
GenomicRegion not unique (keep Transcript [geneId=LOC105377785, transcriptId=NR_168444.1, codingStart=-1, codingEnd=-1], discard Transcript [geneId=LOC105377785, transcriptId=NR_168443.1, codingStart=-1, codingEnd=-1])
GenomicRegion not unique (keep Transcript [geneId=LOC105377785, transcriptId=NR_168444.1, codingStart=-1, codingEnd=-1], discard Transcript [geneId=LOC105377785, transcriptId=NR_168441.1, codingStart=-1, codingEnd=-1])
GenomicRegion not unique (keep Transcript [geneId=LOC105377785, transcriptId=NR_168444.1, codingStart=-1, codingEnd=-1], discard Transcript [geneId=LOC105377785, transcriptId=NR_168445.1, codingStart=-1, codingEnd=-1])
GenomicRegion not unique (keep Transcript [geneId=ARMC10, transcriptId=NM_001161009.3, codingStart=146175, codingEnd=158099], discard Transcript [geneId=ARMC10, transcriptId=NM_031905.5, codingStart=146175, codingEnd=158099])
GenomicRegion not unique (keep Transcript [geneId=ARMC10, transcriptId=NM_001161010.3, codingStart=146175, codingEnd=158099], discard Transcript [geneId=ARMC10, transcriptId=NM_001161012.3, codingStart=146175, codingEnd=158099])
GenomicRegion not unique (keep Transcript [geneId=DTX2, transcriptId=NM_001102594.3, codingStart=1309, codingEnd=4620], discard Transcript [geneId=DTX2, transcriptId=NM_001102595.3, codingStart=1309, codingEnd=4620])
GenomicRegion not unique (keep Transcript [geneId=DTX2, transcriptId=NM_001102594.3, codingStart=1309, codingEnd=4620], discard Transcript [geneId=DTX2, transcriptId=NM_020892.4, codingStart=1309, codingEnd=4620])
GenomicRegion not unique (keep Transcript [geneId=TNXB, transcriptId=NM_019105.8_7, codingStart=3406267, codingEnd=3418727], discard Transcript [geneId=TNXB, transcriptId=NM_001365276.2_7, codingStart=3406267, codingEnd=3418727])
GenomicRegion not unique (keep Transcript [geneId=MSH5, transcriptId=NM_002441.5_7, codingStart=3090763, codingEnd=3095143], discard Transcript [geneId=MSH5, transcriptId=NM_172166.4_7, codingStart=3090763, codingEnd=3095143])
GenomicRegion not unique (keep Transcript [geneId=DDX39B, transcriptId=NM_080598.6_7, codingStart=2862982, codingEnd=2871733], discard Transcript [geneId=DDX39B, transcriptId=NM_004640.7_7, codingStart=2862982, codingEnd=2871733])
GenomicRegion not unique (keep Transcript [geneId=MUC21, transcriptId=NM_001322371.2_5, codingStart=2313458, codingEnd=2317689], discard Transcript [geneId=MUC21, transcriptId=NM_001322370.2_5, codingStart=2313458, codingEnd=2317689])
GenomicRegion not unique (keep Transcript [geneId=DDR1, transcriptId=NM_001202522.1_6, codingStart=2218232, codingEnd=2218962], discard Transcript [geneId=DDR1, transcriptId=NM_001202521.1_6, codingStart=2218232, codingEnd=2218962])
GenomicRegion not unique (keep Transcript [geneId=DDR1, transcriptId=NM_001387892.1_6, codingStart=2218232, codingEnd=2218962], discard Transcript [geneId=DDR1, transcriptId=NM_001387905.1_6, codingStart=2218232, codingEnd=2218962])
GenomicRegion not unique (keep Transcript [geneId=DDR1, transcriptId=NM_001387892.1_6, codingStart=2218232, codingEnd=2218962], discard Transcript [geneId=DDR1, transcriptId=NM_001387900.1_6, codingStart=2218232, codingEnd=2218962])
GenomicRegion not unique (keep Transcript [geneId=DDR1, transcriptId=NM_001387892.1_6, codingStart=2218232, codingEnd=2218962], discard Transcript [geneId=DDR1, transcriptId=NM_001297652.2_6, codingStart=2218232, codingEnd=2218962])
GenomicRegion not unique (keep Transcript [geneId=DDR1, transcriptId=NM_001387914.1_6, codingStart=2218232, codingEnd=2218962], discard Transcript [geneId=DDR1, transcriptId=NM_001387906.1_6, codingStart=2218232, codingEnd=2218962])
GenomicRegion not unique (keep Transcript [geneId=DDR1, transcriptId=NM_001387914.1_6, codingStart=2218232, codingEnd=2218962], discard Transcript [geneId=DDR1, transcriptId=NM_001387902.1_6, codingStart=2218232, codingEnd=2218962])
GenomicRegion not unique (keep Transcript [geneId=DDR1, transcriptId=NM_001387914.1_6, codingStart=2218232, codingEnd=2218962], discard Transcript [geneId=DDR1, transcriptId=NM_001387918.1_6, codingStart=2218232, codingEnd=2218962])
GenomicRegion not unique (keep Transcript [geneId=DDR1, transcriptId=NM_001387914.1_6, codingStart=2218232, codingEnd=2218962], discard Transcript [geneId=DDR1, transcriptId=NM_001387894.1_6, codingStart=2218232, codingEnd=2218962])
GenomicRegion not unique (keep Transcript [geneId=DDR1, transcriptId=NM_001387914.1_6, codingStart=2218232, codingEnd=2218962], discard Transcript [geneId=DDR1, transcriptId=NM_013994.3_6, codingStart=2218232, codingEnd=2218962])
GenomicRegion not unique (keep Transcript [geneId=DDR1, transcriptId=NM_001387914.1_6, codingStart=2218232, codingEnd=2218962], discard Transcript [geneId=DDR1, transcriptId=NM_001297654.2_6, codingStart=2218232, codingEnd=2218962])
GenomicRegion not unique (keep Transcript [geneId=DDR1, transcriptId=NM_001387914.1_6, codingStart=2218232, codingEnd=2218962], discard Transcript [geneId=DDR1, transcriptId=NM_001297653.2_6, codingStart=2218232, codingEnd=2218962])
GenomicRegion not unique (keep Transcript [geneId=DDR1, transcriptId=NM_001387898.1_6, codingStart=2218232, codingEnd=2218962], discard Transcript [geneId=DDR1, transcriptId=NM_001387912.1_6, codingStart=2218232, codingEnd=2218962])
GenomicRegion not unique (keep Transcript [geneId=DDR1, transcriptId=NM_001387898.1_6, codingStart=2218232, codingEnd=2218962], discard Transcript [geneId=DDR1, transcriptId=NM_001387907.1_6, codingStart=2218232, codingEnd=2218962])
GenomicRegion not unique (keep Transcript [geneId=DDR1, transcriptId=NM_001387898.1_6, codingStart=2218232, codingEnd=2218962], discard Transcript [geneId=DDR1, transcriptId=NM_001387913.1_6, codingStart=2218232, codingEnd=2218962])
GenomicRegion not unique (keep Transcript [geneId=DDR1, transcriptId=NM_001387908.1_6, codingStart=2218232, codingEnd=2218962], discard Transcript [geneId=DDR1, transcriptId=NM_001387893.1_6, codingStart=2218232, codingEnd=2218962])
GenomicRegion not unique (keep Transcript [geneId=DDR1, transcriptId=NM_001387897.1_6, codingStart=2218232, codingEnd=2218962], discard Transcript [geneId=DDR1, transcriptId=NM_001387915.1_6, codingStart=2218232, codingEnd=2218962])
GenomicRegion not unique (keep Transcript [geneId=DDR1, transcriptId=NM_001387897.1_6, codingStart=2218232, codingEnd=2218962], discard Transcript [geneId=DDR1, transcriptId=NM_001387917.1_6, codingStart=2218232, codingEnd=2218962])
GenomicRegion not unique (keep Transcript [geneId=DDR1, transcriptId=NM_001387897.1_6, codingStart=2218232, codingEnd=2218962], discard Transcript [geneId=DDR1, transcriptId=NM_001387916.1_6, codingStart=2218232, codingEnd=2218962])
GenomicRegion not unique (keep Transcript [geneId=DDR1, transcriptId=NM_001387897.1_6, codingStart=2218232, codingEnd=2218962], discard Transcript [geneId=DDR1, transcriptId=NM_013993.3_6, codingStart=2218232, codingEnd=2218962])
GenomicRegion not unique (keep Transcript [geneId=DDR1, transcriptId=NM_001387904.1_6, codingStart=2218232, codingEnd=2218962], discard Transcript [geneId=DDR1, transcriptId=NM_001387909.1_6, codingStart=2218232, codingEnd=2218962])
GenomicRegion not unique (keep Transcript [geneId=DDR1, transcriptId=NM_001387895.1_6, codingStart=2218232, codingEnd=2218962], discard Transcript [geneId=DDR1, transcriptId=NM_001387901.1_6, codingStart=2218232, codingEnd=2218962])
GenomicRegion not unique (keep Transcript [geneId=DDR1, transcriptId=NM_001387895.1_6, codingStart=2218232, codingEnd=2218962], discard Transcript [geneId=DDR1, transcriptId=NM_001387899.1_6, codingStart=2218232, codingEnd=2218962])
GenomicRegion not unique (keep Transcript [geneId=DDR1, transcriptId=NM_001387895.1_6, codingStart=2218232, codingEnd=2218962], discard Transcript [geneId=DDR1, transcriptId=NM_001954.5_6, codingStart=2218232, codingEnd=2218962])
GenomicRegion not unique (keep Transcript [geneId=DDR1, transcriptId=NM_001387903.1_6, codingStart=2218232, codingEnd=2218962], discard Transcript [geneId=DDR1, transcriptId=NM_001202523.3_6, codingStart=2218232, codingEnd=2218962])
GenomicRegion not unique (keep Transcript [geneId=FLOT1, transcriptId=NM_001318875.2_7, codingStart=2057618, codingEnd=2060006], discard Transcript [geneId=FLOT1, transcriptId=NM_005803.4_7, codingStart=2057618, codingEnd=2060006])
GenomicRegion not unique (keep Transcript [geneId=MCCC2, transcriptId=NM_022132.5_2, codingStart=1585910, codingEnd=1602953], discard Transcript [geneId=MCCC2, transcriptId=NM_001363147.1_2, codingStart=1585910, codingEnd=1602953])
GenomicRegion not unique (keep Transcript [geneId=ADAMTS12, transcriptId=NM_001324511.2, codingStart=82442, codingEnd=93178], discard Transcript [geneId=ADAMTS12, transcriptId=NM_001324512.2, codingStart=82442, codingEnd=93178])
GenomicRegion not unique (keep Transcript [geneId=ADAMTS12, transcriptId=NM_001324511.2, codingStart=82442, codingEnd=93178], discard Transcript [geneId=ADAMTS12, transcriptId=NM_030955.4, codingStart=82442, codingEnd=93178])
GenomicRegion not unique (keep Transcript [geneId=SLC9A3, transcriptId=NM_001284351.3, codingStart=104248, codingEnd=104460], discard Transcript [geneId=SLC9A3, transcriptId=NM_004174.4, codingStart=104248, codingEnd=104460])
GenomicRegion not unique (keep Transcript [geneId=DHX36, transcriptId=NM_001114397.2, codingStart=1178, codingEnd=5872], discard Transcript [geneId=DHX36, transcriptId=NM_020865.3, codingStart=1178, codingEnd=5872])
GenomicRegion not unique (keep Transcript [geneId=TAMM41, transcriptId=NM_001394474.1, codingStart=141782, codingEnd=171230], discard Transcript [geneId=TAMM41, transcriptId=NM_138807.4, codingStart=141782, codingEnd=171230])
GenomicRegion not unique (keep Transcript [geneId=TAMM41, transcriptId=NM_001394474.1, codingStart=141782, codingEnd=171230], discard Transcript [geneId=TAMM41, transcriptId=NM_001284401.2, codingStart=141782, codingEnd=171230])
GenomicRegion not unique (keep Transcript [geneId=TAMM41, transcriptId=NM_001394474.1, codingStart=141782, codingEnd=171230], discard Transcript [geneId=TAMM41, transcriptId=NR_135611.2, codingStart=-1, codingEnd=-1])
GenomicRegion not unique (keep Transcript [geneId=TAMM41, transcriptId=NM_001394474.1, codingStart=141782, codingEnd=171230], discard Transcript [geneId=TAMM41, transcriptId=NR_158711.1, codingStart=-1, codingEnd=-1])
GenomicRegion not unique (keep Transcript [geneId=TAMM41, transcriptId=NR_104314.2, codingStart=-1, codingEnd=-1], discard Transcript [geneId=TAMM41, transcriptId=NR_158710.1, codingStart=-1, codingEnd=-1])
GenomicRegion not unique (keep Transcript [geneId=TAMM41, transcriptId=NR_104314.2, codingStart=-1, codingEnd=-1], discard Transcript [geneId=TAMM41, transcriptId=NR_158714.1, codingStart=-1, codingEnd=-1])
GenomicRegion not unique (keep Transcript [geneId=LINC01881, transcriptId=NR_130699.1_2, codingStart=-1, codingEnd=-1], discard Transcript [geneId=LINC01881, transcriptId=NR_130702.1_2, codingStart=-1, codingEnd=-1])
GenomicRegion not unique (keep Transcript [geneId=NOSTRIN, transcriptId=NM_052946.4, codingStart=1104, codingEnd=34610], discard Transcript [geneId=NOSTRIN, transcriptId=NM_001171632.2, codingStart=1104, codingEnd=34610])
GenomicRegion not unique (keep Transcript [geneId=NOSTRIN, transcriptId=NM_052946.4, codingStart=1104, codingEnd=34610], discard Transcript [geneId=NOSTRIN, transcriptId=NM_001039724.4, codingStart=1104, codingEnd=34610])
GenomicRegion not unique (keep Transcript [geneId=C2orf27A, transcriptId=NR_149016.2, codingStart=-1, codingEnd=-1], discard Transcript [geneId=C2orf27A, transcriptId=NR_149015.2, codingStart=-1, codingEnd=-1])
GenomicRegion not unique (keep Transcript [geneId=C2orf27A, transcriptId=NR_149016.2, codingStart=-1, codingEnd=-1], discard Transcript [geneId=C2orf27A, transcriptId=NR_149014.2, codingStart=-1, codingEnd=-1])
GenomicRegion not unique (keep Transcript [geneId=TRAPPC12, transcriptId=NM_001321102.2, codingStart=9875, codingEnd=88931], discard Transcript [geneId=TRAPPC12, transcriptId=NM_016030.6, codingStart=9875, codingEnd=88931])
GenomicRegion not unique (keep Transcript [geneId=MACROD2, transcriptId=NM_001351661.2, codingStart=209372, codingEnd=218138], discard Transcript [geneId=MACROD2, transcriptId=NM_001351663.2, codingStart=209372, codingEnd=218138])
GenomicRegion not unique (keep Transcript [geneId=NDUFAF5, transcriptId=NM_024120.5, codingStart=1728, codingEnd=25761], discard Transcript [geneId=NDUFAF5, transcriptId=NM_001352407.2, codingStart=10078, codingEnd=25761])
GenomicRegion not unique (keep Transcript [geneId=NDUFAF5, transcriptId=NR_147981.2, codingStart=-1, codingEnd=-1], discard Transcript [geneId=NDUFAF5, transcriptId=NR_029377.2, codingStart=-1, codingEnd=-1])
GenomicRegion not unique (keep Transcript [geneId=KIR3DL2, transcriptId=NM_001242867.2_38, codingStart=87795, codingEnd=89622], discard Transcript [geneId=KIR3DL2, transcriptId=NM_006737.4_38, codingStart=87795, codingEnd=89622])
GenomicRegion not unique (keep Transcript [geneId=SAMD4B, transcriptId=NM_001384592.1, codingStart=137275, codingEnd=137509], discard Transcript [geneId=SAMD4B, transcriptId=NM_001303614.2, codingStart=137275, codingEnd=137509])
GenomicRegion not unique (keep Transcript [geneId=SAMD4B, transcriptId=NM_001384592.1, codingStart=137275, codingEnd=137509], discard Transcript [geneId=SAMD4B, transcriptId=NM_001384577.1, codingStart=137275, codingEnd=137509])
GenomicRegion not unique (keep Transcript [geneId=SAMD4B, transcriptId=NM_001384590.1, codingStart=137275, codingEnd=137509], discard Transcript [geneId=SAMD4B, transcriptId=NM_001384565.1, codingStart=137275, codingEnd=137509])
GenomicRegion not unique (keep Transcript [geneId=SAMD4B, transcriptId=NM_001384574.2, codingStart=137275, codingEnd=137509], discard Transcript [geneId=SAMD4B, transcriptId=NM_001384595.1, codingStart=137275, codingEnd=137509])
GenomicRegion not unique (keep Transcript [geneId=SAMD4B, transcriptId=NM_001384574.2, codingStart=137275, codingEnd=137509], discard Transcript [geneId=SAMD4B, transcriptId=NM_001384583.1, codingStart=137275, codingEnd=137509])
GenomicRegion not unique (keep Transcript [geneId=SAMD4B, transcriptId=NM_001384574.2, codingStart=137275, codingEnd=137509], discard Transcript [geneId=SAMD4B, transcriptId=NM_001384589.1, codingStart=137275, codingEnd=137509])
GenomicRegion not unique (keep Transcript [geneId=SAMD4B, transcriptId=NM_001384575.1, codingStart=137275, codingEnd=137509], discard Transcript [geneId=SAMD4B, transcriptId=NM_001384584.1, codingStart=137275, codingEnd=137509])
GenomicRegion not unique (keep Transcript [geneId=SAMD4B, transcriptId=NM_001384575.1, codingStart=137275, codingEnd=137509], discard Transcript [geneId=SAMD4B, transcriptId=NM_001384591.1, codingStart=137275, codingEnd=137509])
GenomicRegion not unique (keep Transcript [geneId=SAMD4B, transcriptId=NM_001384576.1, codingStart=137275, codingEnd=137509], discard Transcript [geneId=SAMD4B, transcriptId=NM_001384580.1, codingStart=137275, codingEnd=137509])
GenomicRegion not unique (keep Transcript [geneId=SAMD4B, transcriptId=NM_001384576.1, codingStart=137275, codingEnd=137509], discard Transcript [geneId=SAMD4B, transcriptId=NM_001384587.1, codingStart=137275, codingEnd=137509])
GenomicRegion not unique (keep Transcript [geneId=SAMD4B, transcriptId=NM_001384573.1, codingStart=137275, codingEnd=137509], discard Transcript [geneId=SAMD4B, transcriptId=NM_001384581.1, codingStart=137275, codingEnd=137509])
GenomicRegion not unique (keep Transcript [geneId=SAMD4B, transcriptId=NM_001384573.1, codingStart=137275, codingEnd=137509], discard Transcript [geneId=SAMD4B, transcriptId=NM_001384593.1, codingStart=137275, codingEnd=137509])
GenomicRegion not unique (keep Transcript [geneId=SAMD4B, transcriptId=NM_001384585.1, codingStart=137275, codingEnd=137509], discard Transcript [geneId=SAMD4B, transcriptId=NM_001384578.1, codingStart=137275, codingEnd=137509])
GenomicRegion not unique (keep Transcript [geneId=SAMD4B, transcriptId=NM_001384585.1, codingStart=137275, codingEnd=137509], discard Transcript [geneId=SAMD4B, transcriptId=NM_001384582.1, codingStart=137275, codingEnd=137509])
GenomicRegion not unique (keep Transcript [geneId=FSCN2, transcriptId=NM_012418.4, codingStart=184736, codingEnd=185563], discard Transcript [geneId=FSCN2, transcriptId=NM_001077182.3, codingStart=184736, codingEnd=185563])
GenomicRegion not unique (keep Transcript [geneId=SGSH, transcriptId=NM_001352921.3, codingStart=-1, codingEnd=-1], discard Transcript [geneId=SGSH, transcriptId=NM_001352922.2, codingStart=-1, codingEnd=-1])
GenomicRegion not unique (keep Transcript [geneId=SGSH, transcriptId=NM_001352921.3, codingStart=-1, codingEnd=-1], discard Transcript [geneId=SGSH, transcriptId=NM_000199.5, codingStart=-1, codingEnd=-1])
GenomicRegion not unique (keep Transcript [geneId=SGSH, transcriptId=NM_001352921.3, codingStart=-1, codingEnd=-1], discard Transcript [geneId=SGSH, transcriptId=NR_148201.2, codingStart=-1, codingEnd=-1])
GenomicRegion not unique (keep Transcript [geneId=KRTAP9-9, transcriptId=NM_001318227.1_2, codingStart=205515, codingEnd=206040], discard Transcript [geneId=KRTAP9-9, transcriptId=NM_030975.2_2, codingStart=205515, codingEnd=206040])
GenomicRegion not unique (keep Transcript [geneId=KCTD11, transcriptId=NM_001363642.1, codingStart=111190, codingEnd=112006], discard Transcript [geneId=KCTD11, transcriptId=NM_001002914.3, codingStart=111307, codingEnd=112006])
GenomicRegion not unique (keep Transcript [geneId=BCAR1, transcriptId=NM_001170714.3, codingStart=59726, codingEnd=73302], discard Transcript [geneId=BCAR1, transcriptId=NM_001170718.3, codingStart=59726, codingEnd=73302])
GenomicRegion not unique (keep Transcript [geneId=BCAR1, transcriptId=NM_001170714.3, codingStart=59726, codingEnd=73302], discard Transcript [geneId=BCAR1, transcriptId=NM_001170716.3, codingStart=59726, codingEnd=73302])
GenomicRegion not unique (keep Transcript [geneId=BCAR1, transcriptId=NM_001170714.3, codingStart=59726, codingEnd=73302], discard Transcript [geneId=BCAR1, transcriptId=NM_001170715.3, codingStart=59726, codingEnd=73302])
GenomicRegion not unique (keep Transcript [geneId=ZFP1, transcriptId=NM_001318475.2, codingStart=-1, codingEnd=-1], discard Transcript [geneId=ZFP1, transcriptId=NM_001318469.2, codingStart=0, codingEnd=524])
GenomicRegion not unique (keep Transcript [geneId=ZFP1, transcriptId=NM_001318475.2, codingStart=-1, codingEnd=-1], discard Transcript [geneId=ZFP1, transcriptId=NM_001318472.2, codingStart=0, codingEnd=524])
GenomicRegion not unique (keep Transcript [geneId=ZFP1, transcriptId=NM_001318475.2, codingStart=-1, codingEnd=-1], discard Transcript [geneId=ZFP1, transcriptId=NM_001318474.2, codingStart=0, codingEnd=524])
GenomicRegion not unique (keep Transcript [geneId=ZFP1, transcriptId=NM_001318475.2, codingStart=-1, codingEnd=-1], discard Transcript [geneId=ZFP1, transcriptId=NM_001318473.2, codingStart=0, codingEnd=524])
GenomicRegion not unique (keep Transcript [geneId=ZFP1, transcriptId=NM_001318475.2, codingStart=-1, codingEnd=-1], discard Transcript [geneId=ZFP1, transcriptId=NM_001318471.2, codingStart=0, codingEnd=524])
GenomicRegion not unique (keep Transcript [geneId=ZFP1, transcriptId=NM_001318475.2, codingStart=-1, codingEnd=-1], discard Transcript [geneId=ZFP1, transcriptId=NM_001318476.2, codingStart=-1, codingEnd=-1])
GenomicRegion not unique (keep Transcript [geneId=ZFP1, transcriptId=NM_001318475.2, codingStart=-1, codingEnd=-1], discard Transcript [geneId=ZFP1, transcriptId=NM_153688.4, codingStart=0, codingEnd=524])
GenomicRegion not unique (keep Transcript [geneId=HYDIN, transcriptId=NM_017558.5, codingStart=0, codingEnd=49604], discard Transcript [geneId=HYDIN, transcriptId=NM_001270974.2, codingStart=0, codingEnd=49604])
GenomicRegion not unique (keep Transcript [geneId=TNRC6A, transcriptId=NM_001351850.2, codingStart=1422, codingEnd=74507], discard Transcript [geneId=TNRC6A, transcriptId=NM_001330520.3, codingStart=1422, codingEnd=74507])
GenomicRegion not unique (keep Transcript [geneId=LDAF1, transcriptId=NM_001301773.2, codingStart=3155, codingEnd=3173], discard Transcript [geneId=LDAF1, transcriptId=NM_001301774.2, codingStart=3155, codingEnd=3173])
GenomicRegion not unique (keep Transcript [geneId=LDAF1, transcriptId=NM_001301775.2, codingStart=3150, codingEnd=3247], discard Transcript [geneId=LDAF1, transcriptId=NM_001301771.2, codingStart=3150, codingEnd=3247])
GenomicRegion not unique (keep Transcript [geneId=LDAF1, transcriptId=NM_001301775.2, codingStart=3150, codingEnd=3247], discard Transcript [geneId=LDAF1, transcriptId=NM_020422.6, codingStart=3150, codingEnd=3247])
GenomicRegion not unique (keep Transcript [geneId=LDAF1, transcriptId=NM_001301775.2, codingStart=3150, codingEnd=3247], discard Transcript [geneId=LDAF1, transcriptId=NM_001301769.2, codingStart=3150, codingEnd=3247])
GenomicRegion not unique (keep Transcript [geneId=PRSS21, transcriptId=NM_144956.3, codingStart=418, codingEnd=1070], discard Transcript [geneId=PRSS21, transcriptId=NM_006799.4, codingStart=418, codingEnd=1070])
GenomicRegion not unique (keep Transcript [geneId=PRSS21, transcriptId=NM_144957.3, codingStart=418, codingEnd=1070], discard Transcript [geneId=PRSS21, transcriptId=NR_073012.2, codingStart=-1, codingEnd=-1])
GenomicRegion not unique (keep Transcript [geneId=MORN3, transcriptId=NM_001363685.2, codingStart=58504, codingEnd=60204], discard Transcript [geneId=MORN3, transcriptId=NM_173855.5, codingStart=58504, codingEnd=60204])
GenomicRegion not unique (keep Transcript [geneId=ERC1, transcriptId=NM_001301248.1, codingStart=56558, codingEnd=91928], discard Transcript [geneId=ERC1, transcriptId=NM_178040.4, codingStart=56558, codingEnd=91928])
GenomicRegion not unique (keep Transcript [geneId=FAT3, transcriptId=NM_001008781.3, codingStart=123878, codingEnd=137463], discard Transcript [geneId=FAT3, transcriptId=NM_001367949.2, codingStart=123878, codingEnd=137463])
GenomicRegion not unique (keep Transcript [geneId=MTCH2, transcriptId=NM_001317231.2, codingStart=46625, codingEnd=74831], discard Transcript [geneId=MTCH2, transcriptId=NM_014342.4, codingStart=46658, codingEnd=74831])
GenomicRegion not unique (keep Transcript [geneId=PTPMT1, transcriptId=NM_001143984.2, codingStart=-1, codingEnd=-1], discard Transcript [geneId=PTPMT1, transcriptId=NM_175732.3, codingStart=-1, codingEnd=-1])
GenomicRegion not unique (keep Transcript [geneId=KRTAP5-4, transcriptId=NM_001012709.1_2, codingStart=361382, codingEnd=362069], discard Transcript [geneId=KRTAP5-4, transcriptId=NM_001347674.1_2, codingStart=361382, codingEnd=362069])
GenomicRegion not unique (keep Transcript [geneId=PTEN, transcriptId=NM_001304717.5, codingStart=79773, codingEnd=181261], discard Transcript [geneId=PTEN, transcriptId=NM_000314.8, codingStart=80292, codingEnd=181261])
GenomicRegion not unique (keep Transcript [geneId=ATAD1, transcriptId=NM_001321967.2, codingStart=291, codingEnd=30421], discard Transcript [geneId=ATAD1, transcriptId=NM_001321968.2, codingStart=291, codingEnd=30421])
GenomicRegion not unique (keep Transcript [geneId=ATAD1, transcriptId=NM_001321967.2, codingStart=291, codingEnd=30421], discard Transcript [geneId=ATAD1, transcriptId=NR_135914.2, codingStart=-1, codingEnd=-1])
GenomicRegion not unique (keep Transcript [geneId=DLC1, transcriptId=NM_001348081.2, codingStart=6281401, codingEnd=6332532], discard Transcript [geneId=DLC1, transcriptId=NM_182643.3, codingStart=6281401, codingEnd=6332532])
GenomicRegion not unique (keep Transcript [geneId=MCPH1, transcriptId=NM_001322042.2_2, codingStart=342145, codingEnd=416356], discard Transcript [geneId=MCPH1, transcriptId=NM_024596.5_2, codingStart=342145, codingEnd=416356])
GenomicRegion not unique (keep Transcript [geneId=MCPH1, transcriptId=NM_001322042.2_2, codingStart=342145, codingEnd=416356], discard Transcript [geneId=MCPH1, transcriptId=NM_001363979.1_2, codingStart=342145, codingEnd=416356])
GenomicRegion not unique (keep Transcript [geneId=DPP6, transcriptId=NM_001364497.2, codingStart=23862, codingEnd=144565], discard Transcript [geneId=DPP6, transcriptId=NM_001364500.2, codingStart=23862, codingEnd=144565])
GenomicRegion not unique (keep Transcript [geneId=DPP6, transcriptId=NM_001364497.2, codingStart=23862, codingEnd=144565], discard Transcript [geneId=DPP6, transcriptId=NM_001364499.2, codingStart=23862, codingEnd=144565])
GenomicRegion not unique (keep Transcript [geneId=DPP6, transcriptId=NM_001364497.2, codingStart=23862, codingEnd=144565], discard Transcript [geneId=DPP6, transcriptId=NM_001364498.2, codingStart=23862, codingEnd=144565])
GenomicRegion not unique (keep Transcript [geneId=DPP6, transcriptId=NM_001364497.2, codingStart=23862, codingEnd=144565], discard Transcript [geneId=DPP6, transcriptId=NM_130797.4, codingStart=23862, codingEnd=144565])
GenomicRegion not unique (keep Transcript [geneId=DPP6, transcriptId=NM_001364497.2, codingStart=23862, codingEnd=144565], discard Transcript [geneId=DPP6, transcriptId=NR_157195.2, codingStart=-1, codingEnd=-1])
GenomicRegion not unique (keep Transcript [geneId=DPP6, transcriptId=NM_001936.5, codingStart=23860, codingEnd=144565], discard Transcript [geneId=DPP6, transcriptId=NR_157196.2, codingStart=-1, codingEnd=-1])
GenomicRegion not unique (keep Transcript [geneId=TPK1, transcriptId=NM_001350894.1, codingStart=503001, codingEnd=672932], discard Transcript [geneId=TPK1, transcriptId=NM_001350887.1, codingStart=503001, codingEnd=672932])
GenomicRegion not unique (keep Transcript [geneId=TPK1, transcriptId=NM_001350884.2, codingStart=503001, codingEnd=673007], discard Transcript [geneId=TPK1, transcriptId=NM_022445.4, codingStart=503001, codingEnd=673007])
GenomicRegion not unique (keep Transcript [geneId=TPK1, transcriptId=NM_001350884.2, codingStart=503001, codingEnd=673007], discard Transcript [geneId=TPK1, transcriptId=NM_001350885.1, codingStart=503001, codingEnd=672932])
GenomicRegion not unique (keep Transcript [geneId=TPK1, transcriptId=NM_001350884.2, codingStart=503001, codingEnd=673007], discard Transcript [geneId=TPK1, transcriptId=NM_001350893.1, codingStart=503001, codingEnd=672932])
GenomicRegion not unique (keep Transcript [geneId=TPK1, transcriptId=NM_001350884.2, codingStart=503001, codingEnd=673007], discard Transcript [geneId=TPK1, transcriptId=NM_001350879.1, codingStart=503001, codingEnd=673007])
GenomicRegion not unique (keep Transcript [geneId=TPK1, transcriptId=NM_001350884.2, codingStart=503001, codingEnd=673007], discard Transcript [geneId=TPK1, transcriptId=NM_001350882.1, codingStart=503001, codingEnd=673007])
GenomicRegion not unique (keep Transcript [geneId=TPK1, transcriptId=NM_001350884.2, codingStart=503001, codingEnd=673007], discard Transcript [geneId=TPK1, transcriptId=NM_001350883.1, codingStart=503001, codingEnd=673007])
GenomicRegion not unique (keep Transcript [geneId=TPK1, transcriptId=NM_001042482.2, codingStart=503001, codingEnd=673007], discard Transcript [geneId=TPK1, transcriptId=NM_001350880.1, codingStart=503001, codingEnd=673007])
GenomicRegion not unique (keep Transcript [geneId=TPK1, transcriptId=NM_001042482.2, codingStart=503001, codingEnd=673007], discard Transcript [geneId=TPK1, transcriptId=NR_146935.1, codingStart=-1, codingEnd=-1])
GenomicRegion not unique (keep Transcript [geneId=TPK1, transcriptId=NM_001042482.2, codingStart=503001, codingEnd=673007], discard Transcript [geneId=TPK1, transcriptId=NR_146934.1, codingStart=-1, codingEnd=-1])
GenomicRegion not unique (keep Transcript [geneId=TCAF2, transcriptId=NM_173678.3, codingStart=247280, codingEnd=269049], discard Transcript [geneId=TCAF2, transcriptId=NM_001365430.1, codingStart=247280, codingEnd=269049])
GenomicRegion not unique (keep Transcript [geneId=SMURF1, transcriptId=NM_181349.3, codingStart=51354, codingEnd=51409], discard Transcript [geneId=SMURF1, transcriptId=NM_020429.3, codingStart=51354, codingEnd=51409])
GenomicRegion not unique (keep Transcript [geneId=SMURF1, transcriptId=NM_181349.3, codingStart=51354, codingEnd=51409], discard Transcript [geneId=SMURF1, transcriptId=NM_001199847.2, codingStart=51354, codingEnd=51409])
GenomicRegion not unique (keep Transcript [geneId=BACH2, transcriptId=NM_001170794.2, codingStart=130095, codingEnd=136040], discard Transcript [geneId=BACH2, transcriptId=NM_021813.4, codingStart=130095, codingEnd=136040])
GenomicRegion not unique (keep Transcript [geneId=FRG1-DT, transcriptId=NR_149038.1_4, codingStart=-1, codingEnd=-1], discard Transcript [geneId=FRG1-DT, transcriptId=NR_149039.1_4, codingStart=-1, codingEnd=-1])
GenomicRegion not unique (keep Transcript [geneId=FRG1-DT, transcriptId=NR_149038.1_5, codingStart=-1, codingEnd=-1], discard Transcript [geneId=FRG1-DT, transcriptId=NR_149039.1_5, codingStart=-1, codingEnd=-1])
GenomicRegion not unique (keep Transcript [geneId=CPEB2, transcriptId=NM_001177383.2, codingStart=74567, codingEnd=89176], discard Transcript [geneId=CPEB2, transcriptId=NM_182646.3, codingStart=74567, codingEnd=89176])
GenomicRegion not unique (keep Transcript [geneId=CPEB2, transcriptId=NM_001177382.2, codingStart=74567, codingEnd=89176], discard Transcript [geneId=CPEB2, transcriptId=NM_182485.3, codingStart=74567, codingEnd=89176])
GenomicRegion not unique (keep Transcript [geneId=CPEB2, transcriptId=NM_001177384.2, codingStart=74567, codingEnd=89176], discard Transcript [geneId=CPEB2, transcriptId=NM_001177381.2, codingStart=74567, codingEnd=89176])
GenomicRegion not unique (keep Transcript [geneId=C3orf52, transcriptId=NM_001171747.2, codingStart=0, codingEnd=288], discard Transcript [geneId=C3orf52, transcriptId=NM_024616.3, codingStart=-1, codingEnd=-1])
GenomicRegion not unique (keep Transcript [geneId=CADM2, transcriptId=NM_001375968.1, codingStart=174830, codingEnd=174891], discard Transcript [geneId=CADM2, transcriptId=NM_001375961.1, codingStart=-1, codingEnd=-1])
GenomicRegion not unique (keep Transcript [geneId=CADM2, transcriptId=NM_001375968.1, codingStart=174830, codingEnd=174891], discard Transcript [geneId=CADM2, transcriptId=NM_001375964.1, codingStart=174830, codingEnd=174891])
GenomicRegion not unique (keep Transcript [geneId=CADM2, transcriptId=NM_001375968.1, codingStart=174830, codingEnd=174891], discard Transcript [geneId=CADM2, transcriptId=NM_001375967.1, codingStart=174830, codingEnd=174891])
GenomicRegion not unique (keep Transcript [geneId=CADM2, transcriptId=NM_001375968.1, codingStart=174830, codingEnd=174891], discard Transcript [geneId=CADM2, transcriptId=NM_001375960.1, codingStart=174830, codingEnd=174891])
GenomicRegion not unique (keep Transcript [geneId=CADM2, transcriptId=NM_001375968.1, codingStart=174830, codingEnd=174891], discard Transcript [geneId=CADM2, transcriptId=NM_001167675.2, codingStart=174830, codingEnd=174891])
GenomicRegion not unique (keep Transcript [geneId=CADM2, transcriptId=NM_001381963.1, codingStart=174830, codingEnd=174894], discard Transcript [geneId=CADM2, transcriptId=NM_001167674.2, codingStart=174830, codingEnd=174894])
GenomicRegion not unique (keep Transcript [geneId=LRIG1, transcriptId=NM_015541.3, codingStart=357158, codingEnd=371099], discard Transcript [geneId=LRIG1, transcriptId=NM_001377346.1, codingStart=357158, codingEnd=371099])
GenomicRegion not unique (keep Transcript [geneId=LRIG1, transcriptId=NM_015541.3, codingStart=357158, codingEnd=371099], discard Transcript [geneId=LRIG1, transcriptId=NM_001377344.1, codingStart=357158, codingEnd=371099])
GenomicRegion not unique (keep Transcript [geneId=LRIG1, transcriptId=NM_015541.3, codingStart=357158, codingEnd=371099], discard Transcript [geneId=LRIG1, transcriptId=NM_001377347.1, codingStart=357158, codingEnd=371099])
GenomicRegion not unique (keep Transcript [geneId=LRIG1, transcriptId=NM_015541.3, codingStart=357158, codingEnd=371099], discard Transcript [geneId=LRIG1, transcriptId=NM_001377345.1, codingStart=357158, codingEnd=371099])
GenomicRegion not unique (keep Transcript [geneId=MAGI1, transcriptId=NM_001365903.2, codingStart=14786, codingEnd=15108], discard Transcript [geneId=MAGI1, transcriptId=NM_015520.2, codingStart=14786, codingEnd=15108])
GenomicRegion not unique (keep Transcript [geneId=MAGI1, transcriptId=NM_001365903.2, codingStart=14786, codingEnd=15108], discard Transcript [geneId=MAGI1, transcriptId=NM_001365904.2, codingStart=14786, codingEnd=15108])
GenomicRegion not unique (keep Transcript [geneId=MAGI1, transcriptId=NM_001365903.2, codingStart=14786, codingEnd=15108], discard Transcript [geneId=MAGI1, transcriptId=NM_001033057.2, codingStart=14786, codingEnd=15108])
GenomicRegion not unique (keep Transcript [geneId=MAGI1, transcriptId=NM_001365903.2, codingStart=14786, codingEnd=15108], discard Transcript [geneId=MAGI1, transcriptId=NM_004742.3, codingStart=14786, codingEnd=15108])
GenomicRegion not unique (keep Transcript [geneId=MAGI1, transcriptId=NM_001365903.2, codingStart=14786, codingEnd=15108], discard Transcript [geneId=MAGI1, transcriptId=NM_001365905.1, codingStart=14786, codingEnd=15108])
GenomicRegion not unique (keep Transcript [geneId=ZDHHC3, transcriptId=NM_001349376.2, codingStart=443244, codingEnd=443494], discard Transcript [geneId=ZDHHC3, transcriptId=NM_001349377.2, codingStart=443244, codingEnd=443494])
GenomicRegion not unique (keep Transcript [geneId=ZDHHC3, transcriptId=NM_001349376.2, codingStart=443244, codingEnd=443494], discard Transcript [geneId=ZDHHC3, transcriptId=NM_001349378.2, codingStart=443244, codingEnd=443494])
GenomicRegion not unique (keep Transcript [geneId=ZDHHC3, transcriptId=NM_001349380.2, codingStart=-1, codingEnd=-1], discard Transcript [geneId=ZDHHC3, transcriptId=NM_001330761.2, codingStart=-1, codingEnd=-1])
GenomicRegion not unique (keep Transcript [geneId=ZDHHC3, transcriptId=NM_001349380.2, codingStart=-1, codingEnd=-1], discard Transcript [geneId=ZDHHC3, transcriptId=NM_001349379.2, codingStart=-1, codingEnd=-1])
GenomicRegion not unique (keep Transcript [geneId=ZDHHC3, transcriptId=NM_001349380.2, codingStart=-1, codingEnd=-1], discard Transcript [geneId=ZDHHC3, transcriptId=NM_016598.3, codingStart=-1, codingEnd=-1])
GenomicRegion not unique (keep Transcript [geneId=ZDHHC3, transcriptId=NM_001349380.2, codingStart=-1, codingEnd=-1], discard Transcript [geneId=ZDHHC3, transcriptId=NM_001349381.2, codingStart=-1, codingEnd=-1])
GenomicRegion not unique (keep Transcript [geneId=ZDHHC3, transcriptId=NM_001349380.2, codingStart=-1, codingEnd=-1], discard Transcript [geneId=ZDHHC3, transcriptId=NM_001135179.2, codingStart=-1, codingEnd=-1])
GenomicRegion not unique (keep Transcript [geneId=ZDHHC3, transcriptId=NM_001349376.2, codingStart=443244, codingEnd=443494], discard Transcript [geneId=ZDHHC3, transcriptId=NR_146163.2, codingStart=-1, codingEnd=-1])
GenomicRegion not unique (keep Transcript [geneId=ZDHHC3, transcriptId=NM_001349380.2, codingStart=-1, codingEnd=-1], discard Transcript [geneId=ZDHHC3, transcriptId=NR_146162.2, codingStart=-1, codingEnd=-1])
GenomicRegion not unique (keep Transcript [geneId=ZDHHC3, transcriptId=NM_001349380.2, codingStart=-1, codingEnd=-1], discard Transcript [geneId=ZDHHC3, transcriptId=NR_146161.2, codingStart=-1, codingEnd=-1])
GenomicRegion not unique (keep Transcript [geneId=CTDSPL, transcriptId=NM_005808.3, codingStart=434856, codingEnd=434935], discard Transcript [geneId=CTDSPL, transcriptId=NM_001008392.2, codingStart=434856, codingEnd=434935])
GenomicRegion not unique (keep Transcript [geneId=ELMOD3, transcriptId=NM_001329793.2, codingStart=283436, codingEnd=283491], discard Transcript [geneId=ELMOD3, transcriptId=NR_138133.2, codingStart=-1, codingEnd=-1])
GenomicRegion not unique (keep Transcript [geneId=ELMOD3, transcriptId=NM_001135023.2, codingStart=283436, codingEnd=283491], discard Transcript [geneId=ELMOD3, transcriptId=NR_138131.2, codingStart=-1, codingEnd=-1])
GenomicRegion not unique (keep Transcript [geneId=ELMOD3, transcriptId=NM_001329791.2, codingStart=283436, codingEnd=283491], discard Transcript [geneId=ELMOD3, transcriptId=NR_138132.2, codingStart=-1, codingEnd=-1])
GenomicRegion not unique (keep Transcript [geneId=TGOLN2, transcriptId=NM_001206840.2, codingStart=248902, codingEnd=254200], discard Transcript [geneId=TGOLN2, transcriptId=NM_001368095.1, codingStart=248980, codingEnd=254200])
GenomicRegion not unique (keep Transcript [geneId=TGOLN2, transcriptId=NM_001368096.1, codingStart=248942, codingEnd=254200], discard Transcript [geneId=TGOLN2, transcriptId=NM_001206841.2, codingStart=248942, codingEnd=254200])
GenomicRegion not unique (keep Transcript [geneId=NLRP3, transcriptId=NM_004895.5, codingStart=185237, codingEnd=202585], discard Transcript [geneId=NLRP3, transcriptId=NM_001243133.2, codingStart=185243, codingEnd=202585])
GenomicRegion not unique (keep Transcript [geneId=GNG4, transcriptId=NM_001098721.2, codingStart=195700, codingEnd=195835], discard Transcript [geneId=GNG4, transcriptId=NM_004485.4, codingStart=195700, codingEnd=195835])
GenomicRegion not unique (keep Transcript [geneId=GNG4, transcriptId=NM_001098721.2, codingStart=195700, codingEnd=195835], discard Transcript [geneId=GNG4, transcriptId=NM_001098722.2, codingStart=195700, codingEnd=195835])
GenomicRegion not unique (keep Transcript [geneId=EOLA1, transcriptId=XM_047442630.1, codingStart=149541304, codingEnd=149546748], discard Transcript [geneId=EOLA1, transcriptId=NM_001171907.3, codingStart=149545630, codingEnd=149546962])
GenomicRegion not unique (keep Transcript [geneId=EOLA1, transcriptId=XM_047442629.1, codingStart=149541737, codingEnd=149546748], discard Transcript [geneId=EOLA1, transcriptId=NM_001324277.2, codingStart=149545630, codingEnd=149546962])
GenomicRegion not unique (keep Transcript [geneId=OPRL1, transcriptId=NM_001318853.2_2, codingStart=64092720, codingEnd=64098886], discard Transcript [geneId=OPRL1, transcriptId=NM_182647.4_2, codingStart=64092720, codingEnd=64098799])
GenomicRegion not unique (keep Transcript [geneId=PTK6, transcriptId=XM_047440330.1, codingStart=63529535, codingEnd=63537133], discard Transcript [geneId=PTK6, transcriptId=NM_001256358.2, codingStart=63533693, codingEnd=63537314])
GenomicRegion not unique (keep Transcript [geneId=GNAS, transcriptId=NM_080425.4, codingStart=58853265, codingEnd=58910829], discard Transcript [geneId=GNAS, transcriptId=NM_001077490.3, codingStart=58853452, codingEnd=58855333])
GenomicRegion not unique (keep Transcript [geneId=GNAS, transcriptId=XM_047440113.1, codingStart=58840843, codingEnd=58910829], discard Transcript [geneId=GNAS, transcriptId=NM_016592.5, codingStart=58840106, codingEnd=58840844])
GenomicRegion not unique (keep Transcript [geneId=CEBPB, transcriptId=NM_001285878.1, codingStart=50191102, codingEnd=50192071], discard Transcript [geneId=CEBPB, transcriptId=NM_001285879.1, codingStart=50191627, codingEnd=50192071])
GenomicRegion not unique (keep Transcript [geneId=HCK, transcriptId=NM_001172130.3, codingStart=32052424, codingEnd=32101519], discard Transcript [geneId=HCK, transcriptId=NM_001172131.3, codingStart=32071662, codingEnd=32101519])
GenomicRegion not unique (keep Transcript [geneId=HCK, transcriptId=NM_002110.5, codingStart=32052424, codingEnd=32101519], discard Transcript [geneId=HCK, transcriptId=NM_001172129.3, codingStart=32071662, codingEnd=32101519])
GenomicRegion not unique (keep Transcript [geneId=PRNP, transcriptId=NM_183079.4, codingStart=4699220, codingEnd=4699982], discard Transcript [geneId=PRNP, transcriptId=NM_001271561.3, codingStart=4699309, codingEnd=4699531])
GenomicRegion not unique (keep Transcript [geneId=CEBPA, transcriptId=NM_001287435.2, codingStart=33301337, codingEnd=33302372], discard Transcript [geneId=CEBPA, transcriptId=NM_001285829.2, codingStart=33301337, codingEnd=33302057])
GenomicRegion not unique (keep Transcript [geneId=CEBPA, transcriptId=NM_004364.5, codingStart=33301337, codingEnd=33302414], discard Transcript [geneId=CEBPA, transcriptId=NM_001287435.2, codingStart=33301337, codingEnd=33302372])
GenomicRegion not unique (keep Transcript [geneId=CEBPA, transcriptId=NM_001287424.2, codingStart=33301337, codingEnd=33302519], discard Transcript [geneId=CEBPA, transcriptId=NM_004364.5, codingStart=33301337, codingEnd=33302414])
GenomicRegion not unique (keep Transcript [geneId=CERS1, transcriptId=NM_021267.5, codingStart=18870576, codingEnd=18896072], discard Transcript [geneId=GDF1, transcriptId=NM_001492.6, codingStart=18868596, codingEnd=18870307])
GenomicRegion not unique (keep Transcript [geneId=JUND, transcriptId=NM_005354.6, codingStart=18280440, codingEnd=18281484], discard Transcript [geneId=JUND, transcriptId=NM_001286968.2, codingStart=18280440, codingEnd=18281355])
GenomicRegion not unique (keep Transcript [geneId=AQP4, transcriptId=NM_001364289.2, codingStart=26856123, codingEnd=26862562], discard Transcript [geneId=AQP4, transcriptId=NM_004028.5, codingStart=26856210, codingEnd=26862562])
GenomicRegion not unique (keep Transcript [geneId=AQP4, transcriptId=NM_001317384.3, codingStart=26856123, codingEnd=26865689], discard Transcript [geneId=AQP4, transcriptId=NM_001650.7, codingStart=26856210, codingEnd=26865689])
GenomicRegion not unique (keep Transcript [geneId=AQP4, transcriptId=NM_001364287.1, codingStart=26856123, codingEnd=26862562], discard Transcript [geneId=AQP4, transcriptId=NM_001364286.1, codingStart=26856210, codingEnd=26862562])
GenomicRegion not unique (keep Transcript [geneId=RPS6KB1, transcriptId=NM_003161.4, codingStart=59893184, codingEnd=59946788], discard Transcript [geneId=RPS6KB1, transcriptId=NM_001272060.2, codingStart=59893253, codingEnd=59946788])
GenomicRegion not unique (keep Transcript [geneId=TP53, transcriptId=NM_001126116.2, codingStart=7673306, codingEnd=7675215], discard Transcript [geneId=TP53, transcriptId=NM_001276698.3, codingStart=7673306, codingEnd=7675134])
GenomicRegion not unique (keep Transcript [geneId=TP53, transcriptId=NM_001126117.2, codingStart=7673218, codingEnd=7675215], discard Transcript [geneId=TP53, transcriptId=NM_001276699.3, codingStart=7673218, codingEnd=7675134])
GenomicRegion not unique (keep Transcript [geneId=TP53, transcriptId=NM_001126115.2, codingStart=7669608, codingEnd=7675215], discard Transcript [geneId=TP53, transcriptId=NM_001276697.3, codingStart=7669608, codingEnd=7675134])
GenomicRegion not unique (keep Transcript [geneId=TP53, transcriptId=NM_001126114.3, codingStart=7673306, codingEnd=7676594], discard Transcript [geneId=TP53, transcriptId=NM_001276696.3, codingStart=7673306, codingEnd=7676251])
GenomicRegion not unique (keep Transcript [geneId=TP53, transcriptId=NM_001126113.3, codingStart=7673218, codingEnd=7676594], discard Transcript [geneId=TP53, transcriptId=NM_001276695.3, codingStart=7673218, codingEnd=7676251])
GenomicRegion not unique (keep Transcript [geneId=TP53, transcriptId=NM_000546.6, codingStart=7669608, codingEnd=7676594], discard Transcript [geneId=TP53, transcriptId=NM_001276760.3, codingStart=7669608, codingEnd=7676251])
GenomicRegion not unique (keep Transcript [geneId=TP53, transcriptId=NM_001126112.3, codingStart=7669608, codingEnd=7676594], discard Transcript [geneId=TP53, transcriptId=NM_001276761.3, codingStart=7669608, codingEnd=7676251])
GenomicRegion not unique (keep Transcript [geneId=KCTD11, transcriptId=NM_001363642.1_2, codingStart=7352825, codingEnd=7353641], discard Transcript [geneId=KCTD11, transcriptId=NM_001002914.3_2, codingStart=7352942, codingEnd=7353641])
GenomicRegion not unique (keep Transcript [geneId=LOC124900388, transcriptId=XM_047437232.1, codingStart=5499802, codingEnd=5500323], discard Transcript [geneId=LOC728392, transcriptId=NM_001162371.3, codingStart=5500596, codingEnd=5500956])
GenomicRegion not unique (keep Transcript [geneId=PIF1, transcriptId=NM_001286496.2, codingStart=64816297, codingEnd=64824335], discard Transcript [geneId=PIF1, transcriptId=NM_001286499.2, codingStart=64816297, codingEnd=64824176])
GenomicRegion not unique (keep Transcript [geneId=SNURF, transcriptId=NM_005678.5, codingStart=24955048, codingEnd=24968037], discard Transcript [geneId=SNRPN, transcriptId=NM_003097.6, codingStart=24974453, codingEnd=24978444])
GenomicRegion not unique (keep Transcript [geneId=WDR20, transcriptId=XM_047431933.1, codingStart=102139923, codingEnd=102208876], discard Transcript [geneId=WDR20, transcriptId=NM_001353676.2, codingStart=102208941, codingEnd=102209880])
GenomicRegion not unique (keep Transcript [geneId=WDR20, transcriptId=XM_047431932.1, codingStart=102139923, codingEnd=102208876], discard Transcript [geneId=WDR20, transcriptId=NM_001353677.2, codingStart=102208941, codingEnd=102209880])
GenomicRegion not unique (keep Transcript [geneId=DIO2, transcriptId=NM_013989.5, codingStart=80202688, codingEnd=80211472], discard Transcript [geneId=DIO2, transcriptId=NM_001366496.1, codingStart=80202712, codingEnd=80211472])
GenomicRegion not unique (keep Transcript [geneId=VDR, transcriptId=NM_001364085.2, codingStart=47844544, codingEnd=47879113], discard Transcript [geneId=VDR, transcriptId=NM_000376.3, codingStart=47844745, codingEnd=47879113])
GenomicRegion not unique (keep Transcript [geneId=LDHB, transcriptId=NM_001315537.2, codingStart=21635520, codingEnd=21654671], discard Transcript [geneId=LDHB, transcriptId=NM_002300.8, codingStart=21635541, codingEnd=21654671])
GenomicRegion not unique (keep Transcript [geneId=MFRP, transcriptId=NM_031433.4, codingStart=119341547, codingEnd=119346513], discard Transcript [geneId=C1QTNF5, transcriptId=NM_015645.5, codingStart=119339330, codingEnd=119340397])
GenomicRegion not unique (keep Transcript [geneId=MTCH2, transcriptId=NM_001317231.2_2, codingStart=47618799, codingEnd=47642465], discard Transcript [geneId=MTCH2, transcriptId=NM_014342.4_2, codingStart=47618832, codingEnd=47642465])
GenomicRegion not unique (keep Transcript [geneId=ACP2, transcriptId=NM_001357016.2, codingStart=47240082, codingEnd=47248789], discard Transcript [geneId=ACP2, transcriptId=NM_001610.4, codingStart=47240115, codingEnd=47248789])
GenomicRegion not unique (keep Transcript [geneId=CHAT, transcriptId=NM_020549.5, codingStart=49614189, codingEnd=49665046], discard Transcript [geneId=CHAT, transcriptId=NM_001142929.2, codingStart=49616569, codingEnd=49665046])
GenomicRegion not unique (keep Transcript [geneId=CHAT, transcriptId=NM_001142933.2, codingStart=49616052, codingEnd=49665046], discard Transcript [geneId=CHAT, transcriptId=NM_001142934.2, codingStart=49616569, codingEnd=49665046])
GenomicRegion not unique (keep Transcript [geneId=PTPN20, transcriptId=NM_001320682.2, codingStart=46943978, codingEnd=47000741], discard Transcript [geneId=PTPN20, transcriptId=XM_047425031.1, codingStart=46946578, codingEnd=47000710])
GenomicRegion not unique (keep Transcript [geneId=PTPN20, transcriptId=NM_001352549.2, codingStart=46943978, codingEnd=47000615], discard Transcript [geneId=PTPN20, transcriptId=XM_047425034.1, codingStart=46946578, codingEnd=47000593])
GenomicRegion not unique (keep Transcript [geneId=BAG1, transcriptId=NM_001172415.2, codingStart=33255218, codingEnd=33264329], discard Transcript [geneId=BAG1, transcriptId=NM_001349299.2, codingStart=33255218, codingEnd=33264260])
GenomicRegion not unique (keep Transcript [geneId=BAG1, transcriptId=NM_001349286.2, codingStart=33255218, codingEnd=33264461], discard Transcript [geneId=BAG1, transcriptId=NM_001172415.2, codingStart=33255218, codingEnd=33264329])
GenomicRegion not unique (keep Transcript [geneId=BAG1, transcriptId=NM_004323.6, codingStart=33255218, codingEnd=33264674], discard Transcript [geneId=BAG1, transcriptId=NM_001349286.2, codingStart=33255218, codingEnd=33264461])
GenomicRegion not unique (keep Transcript [geneId=RANBP6, transcriptId=XM_047423233.1, codingStart=6012289, codingEnd=6015486], discard Transcript [geneId=RANBP6, transcriptId=NM_001243203.2, codingStart=6014285, codingEnd=6015607])
GenomicRegion not unique (keep Transcript [geneId=OPRK1, transcriptId=NM_001318497.2, codingStart=53229209, codingEnd=53251037], discard Transcript [geneId=OPRK1, transcriptId=NM_000912.5, codingStart=53229296, codingEnd=53251037])
GenomicRegion not unique (keep Transcript [geneId=CAV2, transcriptId=NM_001233.5, codingStart=116499781, codingEnd=116506121], discard Transcript [geneId=CAV2, transcriptId=NM_001206747.2, codingStart=116499820, codingEnd=116506121])
GenomicRegion not unique (keep Transcript [geneId=MDFIC, transcriptId=NM_199072.5, codingStart=114922416, codingEnd=115015935], discard Transcript [geneId=MDFIC, transcriptId=NM_001166345.3, codingStart=114923033, codingEnd=115015935])
GenomicRegion not unique (keep Transcript [geneId=PEG10, transcriptId=NM_001184962.2, codingStart=94663454, codingEnd=94664534], discard Transcript [geneId=PEG10, transcriptId=NM_001040152.2, codingStart=94663556, codingEnd=94664534])
GenomicRegion not unique (keep Transcript [geneId=PEG10, transcriptId=NM_001184961.1, codingStart=94663454, codingEnd=94665682], discard Transcript [geneId=PEG10, transcriptId=NM_015068.3, codingStart=94663556, codingEnd=94665682])
GenomicRegion not unique (keep Transcript [geneId=TARP, transcriptId=NM_001003806.2, codingStart=38260087, codingEnd=38265493], discard Transcript [geneId=TARP, transcriptId=NM_001003799.2, codingStart=38265489, codingEnd=38265666])
GenomicRegion not unique (keep Transcript [geneId=SAGSIN1, transcriptId=NM_001395995.1, codingStart=6331214, codingEnd=6348758], discard Transcript [geneId=FAM220A, transcriptId=NM_001037163.2, codingStart=6330374, codingEnd=6331154])
GenomicRegion not unique (keep Transcript [geneId=VEGFA, transcriptId=NM_001171622.2, codingStart=43770706, codingEnd=43784562], discard Transcript [geneId=VEGFA, transcriptId=NM_001171630.2, codingStart=43771246, codingEnd=43784562])
GenomicRegion not unique (keep Transcript [geneId=VEGFA, transcriptId=NM_001025370.3, codingStart=43770706, codingEnd=43784562], discard Transcript [geneId=VEGFA, transcriptId=NM_001171628.2, codingStart=43771246, codingEnd=43784562])
GenomicRegion not unique (keep Transcript [geneId=VEGFA, transcriptId=NM_001025369.3, codingStart=43770706, codingEnd=43784546], discard Transcript [geneId=VEGFA, transcriptId=NM_001171627.2, codingStart=43771246, codingEnd=43784546])
GenomicRegion not unique (keep Transcript [geneId=VEGFA, transcriptId=NM_001033756.3, codingStart=43770706, codingEnd=43784628], discard Transcript [geneId=VEGFA, transcriptId=NM_001171629.2, codingStart=43771246, codingEnd=43784628])
GenomicRegion not unique (keep Transcript [geneId=VEGFA, transcriptId=NM_001025368.3, codingStart=43770706, codingEnd=43784562], discard Transcript [geneId=VEGFA, transcriptId=NM_001171626.2, codingStart=43771246, codingEnd=43784562])
GenomicRegion not unique (keep Transcript [geneId=VEGFA, transcriptId=NM_001025367.3, codingStart=43770706, codingEnd=43784562], discard Transcript [geneId=VEGFA, transcriptId=NM_001171625.2, codingStart=43771246, codingEnd=43784562])
GenomicRegion not unique (keep Transcript [geneId=VEGFA, transcriptId=NM_001204385.2, codingStart=43770706, codingEnd=43784562], discard Transcript [geneId=VEGFA, transcriptId=NM_001204384.2, codingStart=43771246, codingEnd=43784562])
GenomicRegion not unique (keep Transcript [geneId=VEGFA, transcriptId=NM_003376.6, codingStart=43770706, codingEnd=43784562], discard Transcript [geneId=VEGFA, transcriptId=NM_001171624.2, codingStart=43771246, codingEnd=43784562])
GenomicRegion not unique (keep Transcript [geneId=VEGFA, transcriptId=NM_001025366.3, codingStart=43770706, codingEnd=43784562], discard Transcript [geneId=VEGFA, transcriptId=NM_001171623.2, codingStart=43771246, codingEnd=43784562])
GenomicRegion not unique (keep Transcript [geneId=PIM1, transcriptId=NM_001243186.2, codingStart=37170302, codingEnd=37174091], discard Transcript [geneId=PIM1, transcriptId=NM_002648.4, codingStart=37170575, codingEnd=37174091])
GenomicRegion not unique (keep Transcript [geneId=ATXN1, transcriptId=NM_000332.4, codingStart=16306328, codingEnd=16328310], discard Transcript [geneId=ATXN1, transcriptId=NM_001357857.2, codingStart=16327723, codingEnd=16328281])
GenomicRegion not unique (keep Transcript [geneId=NR3C1, transcriptId=NM_001204263.2, codingStart=143281888, codingEnd=143399849], discard Transcript [geneId=NR3C1, transcriptId=NM_001204264.2, codingStart=143281888, codingEnd=143399834])
GenomicRegion not unique (keep Transcript [geneId=NR3C1, transcriptId=NM_001204262.2, codingStart=143281888, codingEnd=143399894], discard Transcript [geneId=NR3C1, transcriptId=NM_001204263.2, codingStart=143281888, codingEnd=143399849])
GenomicRegion not unique (keep Transcript [geneId=NR3C1, transcriptId=NM_001204261.2, codingStart=143281888, codingEnd=143400548], discard Transcript [geneId=NR3C1, transcriptId=NM_001204262.2, codingStart=143281888, codingEnd=143399894])
GenomicRegion not unique (keep Transcript [geneId=NR3C1, transcriptId=NM_001204260.2, codingStart=143281888, codingEnd=143400572], discard Transcript [geneId=NR3C1, transcriptId=NM_001204261.2, codingStart=143281888, codingEnd=143400548])
GenomicRegion not unique (keep Transcript [geneId=NR3C1, transcriptId=NM_001204259.2, codingStart=143281888, codingEnd=143400584], discard Transcript [geneId=NR3C1, transcriptId=NM_001204260.2, codingStart=143281888, codingEnd=143400572])
GenomicRegion not unique (keep Transcript [geneId=NR3C1, transcriptId=NM_001204258.2, codingStart=143281888, codingEnd=143400761], discard Transcript [geneId=NR3C1, transcriptId=NM_001204259.2, codingStart=143281888, codingEnd=143400584])
GenomicRegion not unique (keep Transcript [geneId=NR3C1, transcriptId=NM_000176.3, codingStart=143281888, codingEnd=143400839], discard Transcript [geneId=NR3C1, transcriptId=NM_001204258.2, codingStart=143281888, codingEnd=143400761])
GenomicRegion not unique (keep Transcript [geneId=ALDH7A1, transcriptId=NM_001182.5, codingStart=126544964, codingEnd=126595198], discard Transcript [geneId=ALDH7A1, transcriptId=NM_001201377.2, codingStart=126544964, codingEnd=126595114])
GenomicRegion not unique (keep Transcript [geneId=PYURF, transcriptId=NM_032906.5, codingStart=88521887, codingEnd=88523700], discard Transcript [geneId=PIGY, transcriptId=NM_001042616.3, codingStart=88521573, codingEnd=88521789])
GenomicRegion not unique (keep Transcript [geneId=MAPK10, transcriptId=NM_001318069.2, codingStart=86017185, codingEnd=86194401], discard Transcript [geneId=MAPK10, transcriptId=NM_138982.4, codingStart=86017227, codingEnd=86194401])
GenomicRegion not unique (keep Transcript [geneId=LOC124900660, transcriptId=XR_007058020.1, codingStart=-1, codingEnd=-1], discard Transcript [geneId=LOC124900660, transcriptId=XR_007058015.1, codingStart=-1, codingEnd=-1])
GenomicRegion not unique (keep Transcript [geneId=THPO, transcriptId=NM_001290003.1, codingStart=184372512, codingEnd=184378349], discard Transcript [geneId=THPO, transcriptId=NM_001289998.1, codingStart=184372512, codingEnd=184376259])
GenomicRegion not unique (keep Transcript [geneId=IL12A, transcriptId=NM_000882.4, codingStart=159989056, codingEnd=159995559], discard Transcript [geneId=IL12A, transcriptId=NM_001397992.1, codingStart=159989158, codingEnd=159995559])
GenomicRegion not unique (keep Transcript [geneId=SACM1L, transcriptId=NM_001319071.2, codingStart=45689465, codingEnd=45743735], discard Transcript [geneId=SACM1L, transcriptId=NM_014016.5, codingStart=45689465, codingEnd=45743669])
GenomicRegion not unique (keep Transcript [geneId=RARB, transcriptId=NM_001290266.2, codingStart=25428521, codingEnd=25596616], discard Transcript [geneId=RARB, transcriptId=NM_016152.4, codingStart=25501211, codingEnd=25596616])
GenomicRegion not unique (keep Transcript [geneId=RARB, transcriptId=NM_000965.5, codingStart=25428731, codingEnd=25596616], discard Transcript [geneId=RARB, transcriptId=NM_001290276.2, codingStart=25501211, codingEnd=25596616])
GenomicRegion not unique (keep Transcript [geneId=ARHGEF4, transcriptId=NM_001395416.1, codingStart=131038906, codingEnd=131046189], discard Transcript [geneId=SMIM39, transcriptId=NM_001395417.1, codingStart=131035091, codingEnd=131035262])
GenomicRegion not unique (keep Transcript [geneId=MDH1, transcriptId=NM_001316374.2, codingStart=63589043, codingEnd=63607044], discard Transcript [geneId=MDH1, transcriptId=NM_005917.4, codingStart=63589043, codingEnd=63606987])
GenomicRegion not unique (keep Transcript [geneId=MYCN, transcriptId=NM_005378.6, codingStart=15942064, codingEnd=15946097], discard Transcript [geneId=MYCN, transcriptId=NM_001293233.2, codingStart=15940586, codingEnd=15942129])
GenomicRegion not unique (keep Transcript [geneId=RNASEH1, transcriptId=NM_002936.6, codingStart=3545784, codingEnd=3558260], discard Transcript [geneId=RNASEH1, transcriptId=NM_001286834.3, codingStart=3545784, codingEnd=3558182])
GenomicRegion not unique (keep Transcript [geneId=NLRP3, transcriptId=NM_004895.5_2, codingStart=247418794, codingEnd=247448504], discard Transcript [geneId=NLRP3, transcriptId=NM_001243133.2_2, codingStart=247418800, codingEnd=247448504])
GenomicRegion not unique (keep Transcript [geneId=OPN3, transcriptId=NM_001381856.1, codingStart=241636032, codingEnd=241640254], discard Transcript [geneId=CHML, transcriptId=NM_001381853.1, codingStart=241633795, codingEnd=241635766])
GenomicRegion not unique (keep Transcript [geneId=OPN3, transcriptId=NM_001381855.1, codingStart=241635726, codingEnd=241640254], discard Transcript [geneId=CHML, transcriptId=NM_001381854.1, codingStart=241633795, codingEnd=241635766])
GenomicRegion not unique (keep Transcript [geneId=WDR26, transcriptId=NM_001379403.1, codingStart=224389834, codingEnd=224434405], discard Transcript [geneId=WDR26, transcriptId=NM_025160.7, codingStart=224389834, codingEnd=224434105])
GenomicRegion not unique (keep Transcript [geneId=KIAA0040, transcriptId=XM_047435110.1, codingStart=175160168, codingEnd=175160630], discard Transcript [geneId=KIAA0040, transcriptId=NM_014656.3, codingStart=175160713, codingEnd=175161013])
GenomicRegion not unique (keep Transcript [geneId=KIAA0040, transcriptId=XM_047435111.1, codingStart=175160168, codingEnd=175160630], discard Transcript [geneId=KIAA0040, transcriptId=NM_001162894.2, codingStart=175160713, codingEnd=175161013])
GenomicRegion not unique (keep Transcript [geneId=MPZ, transcriptId=NM_001315491.2, codingStart=161305683, codingEnd=161309905], discard Transcript [geneId=MPZ, transcriptId=NM_000530.8, codingStart=161305875, codingEnd=161309905])
GenomicRegion not unique (keep Transcript [geneId=SHC1, transcriptId=NM_001130041.2, codingStart=154963802, codingEnd=154970196], discard Transcript [geneId=SHC1, transcriptId=NM_001202859.2, codingStart=154963802, codingEnd=154970061])
GenomicRegion not unique (keep Transcript [geneId=CMPK1, transcriptId=NM_016308.3, codingStart=47333945, codingEnd=47376745], discard Transcript [geneId=CMPK1, transcriptId=NM_001366135.1, codingStart=47334041, codingEnd=47376745])
GenomicRegion not unique (keep Transcript [geneId=AGO1, transcriptId=NM_001317122.2, codingStart=35883421, codingEnd=35919709], discard Transcript [geneId=AGO1, transcriptId=NM_012199.5, codingStart=35883421, codingEnd=35919607])
GenomicRegion not unique (keep Transcript [geneId=C1QB, transcriptId=NM_000491.5, codingStart=22659456, codingEnd=22661386], discard Transcript [geneId=C1QB, transcriptId=NM_001378156.1, codingStart=22659462, codingEnd=22661386])
GenomicRegion not unique (keep Transcript [geneId=PLA2G2F, transcriptId=NM_022819.4, codingStart=20139427, codingEnd=20148401], discard Transcript [geneId=PLA2G2F, transcriptId=NM_001360869.2, codingStart=20140178, codingEnd=20148401])
Indexed annotation file in data/gedi_indexes/ncbi_refseq_hg38.gtf.index
Indexed fasta file in ncbi_refseq_hg38.gtf.transcripts.fasta
[90m2025-11-11 22:43:53.898 INFO[0m Reading oml data/gedi_indexes/ncbi_refseq_hg38.gtf_metadata.oml
[90m2025-11-11 22:43:53.906 INFO[0m Done reading oml data/gedi_indexes/ncbi_refseq_hg38.gtf_metadata.oml
[90m2025-11-11 22:43:55.131 INFO[0m Finished: gedi -e IndexGenome -s /project/lbarreiro/SHARED/REFERENCES/Homo_sapiens/GATK/GRCh38/GRCh38.primary_assembly.genome.fa -a data/ncbi_refseq_hg38/ncbi_refseq_hg38.gtf.gz -f data/gedi_indexes -o data/gedi_indexes/ncbi_refseq_hg38.gtf_metadata.oml -n ncbi_refseq_hg38.gtf -nobowtie -nostar -nokallisto
[90m2025-11-11 22:43:55.131 INFO[0m Warnings: 0, errors: 0!
[90m2025-11-11 22:43:55.133 INFO[0m Took 49s 573ms
