                                 Started job on |	Dec 20 09:09:52
                             Started mapping on |	Dec 20 09:10:11
                                    Finished on |	Dec 20 11:10:37
       Mapping speed, Million of reads per hour |	100.88

                          Number of input reads |	202494489
                      Average input read length |	312
                                    UNIQUE READS:
                   Uniquely mapped reads number |	149114631
                        Uniquely mapped reads % |	73.64%
                          Average mapped length |	313.06
                       Number of splices: Total |	76874437
            Number of splices: Annotated (sjdb) |	75433781
                       Number of splices: GT/AG |	75785357
                       Number of splices: GC/AG |	658530
                       Number of splices: AT/AC |	51030
               Number of splices: Non-canonical |	379520
                      Mismatch rate per base, % |	0.51%
                         Deletion rate per base |	0.02%
                        Deletion average length |	2.21
                        Insertion rate per base |	0.01%
                       Insertion average length |	1.97
                             MULTI-MAPPING READS:
        Number of reads mapped to multiple loci |	21908086
             % of reads mapped to multiple loci |	10.82%
        Number of reads mapped to too many loci |	275797
             % of reads mapped to too many loci |	0.14%
                                  UNMAPPED READS:
  Number of reads unmapped: too many mismatches |	0
       % of reads unmapped: too many mismatches |	0.00%
            Number of reads unmapped: too short |	3251060
                 % of reads unmapped: too short |	1.61%
                Number of reads unmapped: other |	27944915
                     % of reads unmapped: other |	13.80%
                                  CHIMERIC READS:
                       Number of chimeric reads |	0
                            % of chimeric reads |	0.00%
