                                 Started job on |	Dec 02 18:34:25
                             Started mapping on |	Dec 02 18:34:36
                                    Finished on |	Dec 02 20:48:42
       Mapping speed, Million of reads per hour |	124.06

                          Number of input reads |	277263294
                      Average input read length |	306
                                    UNIQUE READS:
                   Uniquely mapped reads number |	233791268
                        Uniquely mapped reads % |	84.32%
                          Average mapped length |	306.81
                       Number of splices: Total |	109689418
            Number of splices: Annotated (sjdb) |	107936630
                       Number of splices: GT/AG |	108233660
                       Number of splices: GC/AG |	1005469
                       Number of splices: AT/AC |	78652
               Number of splices: Non-canonical |	371637
                      Mismatch rate per base, % |	0.34%
                         Deletion rate per base |	0.02%
                        Deletion average length |	2.01
                        Insertion rate per base |	0.01%
                       Insertion average length |	1.84
                             MULTI-MAPPING READS:
        Number of reads mapped to multiple loci |	12499018
             % of reads mapped to multiple loci |	4.51%
        Number of reads mapped to too many loci |	219903
             % of reads mapped to too many loci |	0.08%
                                  UNMAPPED READS:
  Number of reads unmapped: too many mismatches |	0
       % of reads unmapped: too many mismatches |	0.00%
            Number of reads unmapped: too short |	30527600
                 % of reads unmapped: too short |	11.01%
                Number of reads unmapped: other |	225505
                     % of reads unmapped: other |	0.08%
                                  CHIMERIC READS:
                       Number of chimeric reads |	0
                            % of chimeric reads |	0.00%
