                                 Started job on |	Dec 19 22:45:42
                             Started mapping on |	Dec 19 22:45:57
                                    Finished on |	Dec 20 01:15:01
       Mapping speed, Million of reads per hour |	112.12

                          Number of input reads |	278568243
                      Average input read length |	309
                                    UNIQUE READS:
                   Uniquely mapped reads number |	217361674
                        Uniquely mapped reads % |	78.03%
                          Average mapped length |	311.34
                       Number of splices: Total |	128774141
            Number of splices: Annotated (sjdb) |	126755263
                       Number of splices: GT/AG |	126983641
                       Number of splices: GC/AG |	1244986
                       Number of splices: AT/AC |	85934
               Number of splices: Non-canonical |	459580
                      Mismatch rate per base, % |	0.45%
                         Deletion rate per base |	0.02%
                        Deletion average length |	2.19
                        Insertion rate per base |	0.01%
                       Insertion average length |	2.12
                             MULTI-MAPPING READS:
        Number of reads mapped to multiple loci |	20243696
             % of reads mapped to multiple loci |	7.27%
        Number of reads mapped to too many loci |	249762
             % of reads mapped to too many loci |	0.09%
                                  UNMAPPED READS:
  Number of reads unmapped: too many mismatches |	0
       % of reads unmapped: too many mismatches |	0.00%
            Number of reads unmapped: too short |	4120975
                 % of reads unmapped: too short |	1.48%
                Number of reads unmapped: other |	36592136
                     % of reads unmapped: other |	13.14%
                                  CHIMERIC READS:
                       Number of chimeric reads |	0
                            % of chimeric reads |	0.00%
