                                 Started job on |	Dec 20 06:41:39
                             Started mapping on |	Dec 20 06:41:50
                                    Finished on |	Dec 20 09:06:41
       Mapping speed, Million of reads per hour |	94.07

                          Number of input reads |	227104742
                      Average input read length |	313
                                    UNIQUE READS:
                   Uniquely mapped reads number |	167971897
                        Uniquely mapped reads % |	73.96%
                          Average mapped length |	314.15
                       Number of splices: Total |	92463593
            Number of splices: Annotated (sjdb) |	90975666
                       Number of splices: GT/AG |	91230313
                       Number of splices: GC/AG |	804500
                       Number of splices: AT/AC |	64598
               Number of splices: Non-canonical |	364182
                      Mismatch rate per base, % |	0.48%
                         Deletion rate per base |	0.02%
                        Deletion average length |	2.19
                        Insertion rate per base |	0.01%
                       Insertion average length |	1.99
                             MULTI-MAPPING READS:
        Number of reads mapped to multiple loci |	15553031
             % of reads mapped to multiple loci |	6.85%
        Number of reads mapped to too many loci |	233518
             % of reads mapped to too many loci |	0.10%
                                  UNMAPPED READS:
  Number of reads unmapped: too many mismatches |	0
       % of reads unmapped: too many mismatches |	0.00%
            Number of reads unmapped: too short |	2946050
                 % of reads unmapped: too short |	1.30%
                Number of reads unmapped: other |	40400246
                     % of reads unmapped: other |	17.79%
                                  CHIMERIC READS:
                       Number of chimeric reads |	0
                            % of chimeric reads |	0.00%
