                                 Started job on |	Nov 24 11:52:46
                             Started mapping on |	Nov 24 11:53:28
                                    Finished on |	Nov 24 13:45:55
       Mapping speed, Million of reads per hour |	139.98

                          Number of input reads |	262338545
                      Average input read length |	307
                                    UNIQUE READS:
                   Uniquely mapped reads number |	223999789
                        Uniquely mapped reads % |	85.39%
                          Average mapped length |	307.36
                       Number of splices: Total |	115629494
            Number of splices: Annotated (sjdb) |	113869276
                       Number of splices: GT/AG |	114214843
                       Number of splices: GC/AG |	1012083
                       Number of splices: AT/AC |	81406
               Number of splices: Non-canonical |	321162
                      Mismatch rate per base, % |	0.30%
                         Deletion rate per base |	0.01%
                        Deletion average length |	2.03
                        Insertion rate per base |	0.01%
                       Insertion average length |	1.91
                             MULTI-MAPPING READS:
        Number of reads mapped to multiple loci |	8171863
             % of reads mapped to multiple loci |	3.12%
        Number of reads mapped to too many loci |	180489
             % of reads mapped to too many loci |	0.07%
                                  UNMAPPED READS:
  Number of reads unmapped: too many mismatches |	0
       % of reads unmapped: too many mismatches |	0.00%
            Number of reads unmapped: too short |	29727017
                 % of reads unmapped: too short |	11.33%
                Number of reads unmapped: other |	259387
                     % of reads unmapped: other |	0.10%
                                  CHIMERIC READS:
                       Number of chimeric reads |	0
                            % of chimeric reads |	0.00%
