                                 Started job on |	Dec 08 12:18:59
                             Started mapping on |	Dec 08 12:19:23
                                    Finished on |	Dec 08 15:42:07
       Mapping speed, Million of reads per hour |	105.59

                          Number of input reads |	356769413
                      Average input read length |	285
                                    UNIQUE READS:
                   Uniquely mapped reads number |	265738041
                        Uniquely mapped reads % |	74.48%
                          Average mapped length |	290.05
                       Number of splices: Total |	111250625
            Number of splices: Annotated (sjdb) |	108781889
                       Number of splices: GT/AG |	109512232
                       Number of splices: GC/AG |	1111311
                       Number of splices: AT/AC |	63226
               Number of splices: Non-canonical |	563856
                      Mismatch rate per base, % |	0.71%
                         Deletion rate per base |	0.02%
                        Deletion average length |	2.26
                        Insertion rate per base |	0.02%
                       Insertion average length |	1.89
                             MULTI-MAPPING READS:
        Number of reads mapped to multiple loci |	69133476
             % of reads mapped to multiple loci |	19.38%
        Number of reads mapped to too many loci |	788999
             % of reads mapped to too many loci |	0.22%
                                  UNMAPPED READS:
  Number of reads unmapped: too many mismatches |	0
       % of reads unmapped: too many mismatches |	0.00%
            Number of reads unmapped: too short |	9139995
                 % of reads unmapped: too short |	2.56%
                Number of reads unmapped: other |	11968902
                     % of reads unmapped: other |	3.35%
                                  CHIMERIC READS:
                       Number of chimeric reads |	0
                            % of chimeric reads |	0.00%
