                                 Started job on |	Nov 24 09:48:06
                             Started mapping on |	Nov 24 09:48:37
                                    Finished on |	Nov 24 11:40:49
       Mapping speed, Million of reads per hour |	140.18

                          Number of input reads |	262132701
                      Average input read length |	307
                                    UNIQUE READS:
                   Uniquely mapped reads number |	225527363
                        Uniquely mapped reads % |	86.04%
                          Average mapped length |	307.64
                       Number of splices: Total |	121280539
            Number of splices: Annotated (sjdb) |	119582703
                       Number of splices: GT/AG |	119822938
                       Number of splices: GC/AG |	1066038
                       Number of splices: AT/AC |	88072
               Number of splices: Non-canonical |	303491
                      Mismatch rate per base, % |	0.29%
                         Deletion rate per base |	0.01%
                        Deletion average length |	2.03
                        Insertion rate per base |	0.01%
                       Insertion average length |	1.92
                             MULTI-MAPPING READS:
        Number of reads mapped to multiple loci |	7692936
             % of reads mapped to multiple loci |	2.93%
        Number of reads mapped to too many loci |	185152
             % of reads mapped to too many loci |	0.07%
                                  UNMAPPED READS:
  Number of reads unmapped: too many mismatches |	0
       % of reads unmapped: too many mismatches |	0.00%
            Number of reads unmapped: too short |	28452278
                 % of reads unmapped: too short |	10.85%
                Number of reads unmapped: other |	274972
                     % of reads unmapped: other |	0.10%
                                  CHIMERIC READS:
                       Number of chimeric reads |	0
                            % of chimeric reads |	0.00%
