                                 Started job on |	Nov 24 09:45:59
                             Started mapping on |	Nov 24 09:46:32
                                    Finished on |	Nov 24 11:37:24
       Mapping speed, Million of reads per hour |	141.41

                          Number of input reads |	261291130
                      Average input read length |	301
                                    UNIQUE READS:
                   Uniquely mapped reads number |	220527907
                        Uniquely mapped reads % |	84.40%
                          Average mapped length |	303.04
                       Number of splices: Total |	114094279
            Number of splices: Annotated (sjdb) |	112459946
                       Number of splices: GT/AG |	112794213
                       Number of splices: GC/AG |	973972
                       Number of splices: AT/AC |	81536
               Number of splices: Non-canonical |	244558
                      Mismatch rate per base, % |	0.29%
                         Deletion rate per base |	0.01%
                        Deletion average length |	2.02
                        Insertion rate per base |	0.01%
                       Insertion average length |	1.91
                             MULTI-MAPPING READS:
        Number of reads mapped to multiple loci |	11203563
             % of reads mapped to multiple loci |	4.29%
        Number of reads mapped to too many loci |	222204
             % of reads mapped to too many loci |	0.09%
                                  UNMAPPED READS:
  Number of reads unmapped: too many mismatches |	0
       % of reads unmapped: too many mismatches |	0.00%
            Number of reads unmapped: too short |	29087129
                 % of reads unmapped: too short |	11.13%
                Number of reads unmapped: other |	250327
                     % of reads unmapped: other |	0.10%
                                  CHIMERIC READS:
                       Number of chimeric reads |	0
                            % of chimeric reads |	0.00%
