                                 Started job on |	Nov 19 04:36:20
                             Started mapping on |	Nov 19 04:36:40
                                    Finished on |	Nov 19 06:48:13
       Mapping speed, Million of reads per hour |	113.60

                          Number of input reads |	249069187
                      Average input read length |	310
                                    UNIQUE READS:
                   Uniquely mapped reads number |	201268766
                        Uniquely mapped reads % |	80.81%
                          Average mapped length |	311.11
                       Number of splices: Total |	116607263
            Number of splices: Annotated (sjdb) |	114866759
                       Number of splices: GT/AG |	115174964
                       Number of splices: GC/AG |	1033817
                       Number of splices: AT/AC |	75832
               Number of splices: Non-canonical |	322650
                      Mismatch rate per base, % |	0.31%
                         Deletion rate per base |	0.02%
                        Deletion average length |	2.09
                        Insertion rate per base |	0.01%
                       Insertion average length |	1.98
                             MULTI-MAPPING READS:
        Number of reads mapped to multiple loci |	13573817
             % of reads mapped to multiple loci |	5.45%
        Number of reads mapped to too many loci |	194535
             % of reads mapped to too many loci |	0.08%
                                  UNMAPPED READS:
  Number of reads unmapped: too many mismatches |	0
       % of reads unmapped: too many mismatches |	0.00%
            Number of reads unmapped: too short |	33789799
                 % of reads unmapped: too short |	13.57%
                Number of reads unmapped: other |	242270
                     % of reads unmapped: other |	0.10%
                                  CHIMERIC READS:
                       Number of chimeric reads |	0
                            % of chimeric reads |	0.00%
