                                 Started job on |	Nov 24 09:42:17
                             Started mapping on |	Nov 24 09:42:27
                                    Finished on |	Nov 24 11:25:47
       Mapping speed, Million of reads per hour |	132.43

                          Number of input reads |	228070927
                      Average input read length |	308
                                    UNIQUE READS:
                   Uniquely mapped reads number |	189015217
                        Uniquely mapped reads % |	82.88%
                          Average mapped length |	309.02
                       Number of splices: Total |	87143103
            Number of splices: Annotated (sjdb) |	85658181
                       Number of splices: GT/AG |	85905128
                       Number of splices: GC/AG |	815227
                       Number of splices: AT/AC |	62288
               Number of splices: Non-canonical |	360460
                      Mismatch rate per base, % |	0.34%
                         Deletion rate per base |	0.02%
                        Deletion average length |	2.00
                        Insertion rate per base |	0.02%
                       Insertion average length |	1.74
                             MULTI-MAPPING READS:
        Number of reads mapped to multiple loci |	12040975
             % of reads mapped to multiple loci |	5.28%
        Number of reads mapped to too many loci |	262443
             % of reads mapped to too many loci |	0.12%
                                  UNMAPPED READS:
  Number of reads unmapped: too many mismatches |	0
       % of reads unmapped: too many mismatches |	0.00%
            Number of reads unmapped: too short |	26527633
                 % of reads unmapped: too short |	11.63%
                Number of reads unmapped: other |	224659
                     % of reads unmapped: other |	0.10%
                                  CHIMERIC READS:
                       Number of chimeric reads |	0
                            % of chimeric reads |	0.00%
