                                 Started job on |	Dec 16 20:44:03
                             Started mapping on |	Dec 16 20:44:27
                                    Finished on |	Dec 16 22:45:04
       Mapping speed, Million of reads per hour |	130.49

                          Number of input reads |	262317323
                      Average input read length |	307
                                    UNIQUE READS:
                   Uniquely mapped reads number |	225187541
                        Uniquely mapped reads % |	85.85%
                          Average mapped length |	308.37
                       Number of splices: Total |	121289154
            Number of splices: Annotated (sjdb) |	119575219
                       Number of splices: GT/AG |	119820570
                       Number of splices: GC/AG |	1066710
                       Number of splices: AT/AC |	88116
               Number of splices: Non-canonical |	313758
                      Mismatch rate per base, % |	0.41%
                         Deletion rate per base |	0.01%
                        Deletion average length |	2.12
                        Insertion rate per base |	0.01%
                       Insertion average length |	2.04
                             MULTI-MAPPING READS:
        Number of reads mapped to multiple loci |	7377828
             % of reads mapped to multiple loci |	2.81%
        Number of reads mapped to too many loci |	179573
             % of reads mapped to too many loci |	0.07%
                                  UNMAPPED READS:
  Number of reads unmapped: too many mismatches |	0
       % of reads unmapped: too many mismatches |	0.00%
            Number of reads unmapped: too short |	2626920
                 % of reads unmapped: too short |	1.00%
                Number of reads unmapped: other |	26945461
                     % of reads unmapped: other |	10.27%
                                  CHIMERIC READS:
                       Number of chimeric reads |	0
                            % of chimeric reads |	0.00%
