                                 Started job on |	Dec 20 03:49:34
                             Started mapping on |	Dec 20 03:49:55
                                    Finished on |	Dec 20 06:40:16
       Mapping speed, Million of reads per hour |	109.15

                          Number of input reads |	309906073
                      Average input read length |	309
                                    UNIQUE READS:
                   Uniquely mapped reads number |	240086105
                        Uniquely mapped reads % |	77.47%
                          Average mapped length |	311.06
                       Number of splices: Total |	142033081
            Number of splices: Annotated (sjdb) |	139818930
                       Number of splices: GT/AG |	140172746
                       Number of splices: GC/AG |	1302784
                       Number of splices: AT/AC |	91581
               Number of splices: Non-canonical |	465970
                      Mismatch rate per base, % |	0.44%
                         Deletion rate per base |	0.02%
                        Deletion average length |	2.20
                        Insertion rate per base |	0.01%
                       Insertion average length |	2.10
                             MULTI-MAPPING READS:
        Number of reads mapped to multiple loci |	21816853
             % of reads mapped to multiple loci |	7.04%
        Number of reads mapped to too many loci |	258335
             % of reads mapped to too many loci |	0.08%
                                  UNMAPPED READS:
  Number of reads unmapped: too many mismatches |	0
       % of reads unmapped: too many mismatches |	0.00%
            Number of reads unmapped: too short |	4573158
                 % of reads unmapped: too short |	1.48%
                Number of reads unmapped: other |	43171622
                     % of reads unmapped: other |	13.93%
                                  CHIMERIC READS:
                       Number of chimeric reads |	0
                            % of chimeric reads |	0.00%
