                                 Started job on |	Nov 21 17:15:06
                             Started mapping on |	Nov 21 17:15:17
                                    Finished on |	Nov 21 19:59:42
       Mapping speed, Million of reads per hour |	114.15

                          Number of input reads |	312792344
                      Average input read length |	305
                                    UNIQUE READS:
                   Uniquely mapped reads number |	251588713
                        Uniquely mapped reads % |	80.43%
                          Average mapped length |	306.50
                       Number of splices: Total |	145805615
            Number of splices: Annotated (sjdb) |	143728625
                       Number of splices: GT/AG |	144041396
                       Number of splices: GC/AG |	1285570
                       Number of splices: AT/AC |	100392
               Number of splices: Non-canonical |	378257
                      Mismatch rate per base, % |	0.29%
                         Deletion rate per base |	0.01%
                        Deletion average length |	2.04
                        Insertion rate per base |	0.01%
                       Insertion average length |	2.01
                             MULTI-MAPPING READS:
        Number of reads mapped to multiple loci |	16806859
             % of reads mapped to multiple loci |	5.37%
        Number of reads mapped to too many loci |	233741
             % of reads mapped to too many loci |	0.07%
                                  UNMAPPED READS:
  Number of reads unmapped: too many mismatches |	0
       % of reads unmapped: too many mismatches |	0.00%
            Number of reads unmapped: too short |	43854521
                 % of reads unmapped: too short |	14.02%
                Number of reads unmapped: other |	308510
                     % of reads unmapped: other |	0.10%
                                  CHIMERIC READS:
                       Number of chimeric reads |	0
                            % of chimeric reads |	0.00%
