                                 Started job on |	Dec 14 13:55:44
                             Started mapping on |	Dec 14 13:55:55
                                    Finished on |	Dec 14 16:00:27
       Mapping speed, Million of reads per hour |	126.68

                          Number of input reads |	262938171
                      Average input read length |	302
                                    UNIQUE READS:
                   Uniquely mapped reads number |	220303539
                        Uniquely mapped reads % |	83.79%
                          Average mapped length |	303.78
                       Number of splices: Total |	114094145
            Number of splices: Annotated (sjdb) |	112443763
                       Number of splices: GT/AG |	112783058
                       Number of splices: GC/AG |	975261
                       Number of splices: AT/AC |	81578
               Number of splices: Non-canonical |	254248
                      Mismatch rate per base, % |	0.41%
                         Deletion rate per base |	0.02%
                        Deletion average length |	2.10
                        Insertion rate per base |	0.01%
                       Insertion average length |	2.03
                             MULTI-MAPPING READS:
        Number of reads mapped to multiple loci |	10761558
             % of reads mapped to multiple loci |	4.09%
        Number of reads mapped to too many loci |	213661
             % of reads mapped to too many loci |	0.08%
                                  UNMAPPED READS:
  Number of reads unmapped: too many mismatches |	0
       % of reads unmapped: too many mismatches |	0.00%
            Number of reads unmapped: too short |	4083196
                 % of reads unmapped: too short |	1.55%
                Number of reads unmapped: other |	27576217
                     % of reads unmapped: other |	10.49%
                                  CHIMERIC READS:
                       Number of chimeric reads |	0
                            % of chimeric reads |	0.00%
