                                 Started job on |	Nov 24 09:49:52
                             Started mapping on |	Nov 24 09:50:14
                                    Finished on |	Nov 24 11:54:31
       Mapping speed, Million of reads per hour |	133.85

                          Number of input reads |	277263294
                      Average input read length |	306
                                    UNIQUE READS:
                   Uniquely mapped reads number |	233754732
                        Uniquely mapped reads % |	84.31%
                          Average mapped length |	306.79
                       Number of splices: Total |	109676207
            Number of splices: Annotated (sjdb) |	107928554
                       Number of splices: GT/AG |	108220348
                       Number of splices: GC/AG |	1005512
                       Number of splices: AT/AC |	78653
               Number of splices: Non-canonical |	371694
                      Mismatch rate per base, % |	0.33%
                         Deletion rate per base |	0.02%
                        Deletion average length |	2.01
                        Insertion rate per base |	0.01%
                       Insertion average length |	1.84
                             MULTI-MAPPING READS:
        Number of reads mapped to multiple loci |	12482139
             % of reads mapped to multiple loci |	4.50%
        Number of reads mapped to too many loci |	219472
             % of reads mapped to too many loci |	0.08%
                                  UNMAPPED READS:
  Number of reads unmapped: too many mismatches |	0
       % of reads unmapped: too many mismatches |	0.00%
            Number of reads unmapped: too short |	30581446
                 % of reads unmapped: too short |	11.03%
                Number of reads unmapped: other |	225505
                     % of reads unmapped: other |	0.08%
                                  CHIMERIC READS:
                       Number of chimeric reads |	0
                            % of chimeric reads |	0.00%
