                                 Started job on |	Nov 24 11:42:46
                             Started mapping on |	Nov 24 11:43:22
                                    Finished on |	Nov 24 14:09:52
       Mapping speed, Million of reads per hour |	111.66

                          Number of input reads |	272642064
                      Average input read length |	306
                                    UNIQUE READS:
                   Uniquely mapped reads number |	202078188
                        Uniquely mapped reads % |	74.12%
                          Average mapped length |	308.96
                       Number of splices: Total |	95095460
            Number of splices: Annotated (sjdb) |	93463566
                       Number of splices: GT/AG |	93692593
                       Number of splices: GC/AG |	934167
                       Number of splices: AT/AC |	69682
               Number of splices: Non-canonical |	399018
                      Mismatch rate per base, % |	0.35%
                         Deletion rate per base |	0.02%
                        Deletion average length |	2.07
                        Insertion rate per base |	0.01%
                       Insertion average length |	1.80
                             MULTI-MAPPING READS:
        Number of reads mapped to multiple loci |	41837344
             % of reads mapped to multiple loci |	15.35%
        Number of reads mapped to too many loci |	438074
             % of reads mapped to too many loci |	0.16%
                                  UNMAPPED READS:
  Number of reads unmapped: too many mismatches |	0
       % of reads unmapped: too many mismatches |	0.00%
            Number of reads unmapped: too short |	27917397
                 % of reads unmapped: too short |	10.24%
                Number of reads unmapped: other |	371061
                     % of reads unmapped: other |	0.14%
                                  CHIMERIC READS:
                       Number of chimeric reads |	0
                            % of chimeric reads |	0.00%
