                                 Started job on |	Dec 20 08:55:42
                             Started mapping on |	Dec 20 08:55:58
                                    Finished on |	Dec 20 11:19:53
       Mapping speed, Million of reads per hour |	91.13

                          Number of input reads |	218586805
                      Average input read length |	313
                                    UNIQUE READS:
                   Uniquely mapped reads number |	151329914
                        Uniquely mapped reads % |	69.23%
                          Average mapped length |	314.56
                       Number of splices: Total |	84322076
            Number of splices: Annotated (sjdb) |	82858373
                       Number of splices: GT/AG |	83091017
                       Number of splices: GC/AG |	772037
                       Number of splices: AT/AC |	58280
               Number of splices: Non-canonical |	400742
                      Mismatch rate per base, % |	0.49%
                         Deletion rate per base |	0.02%
                        Deletion average length |	2.25
                        Insertion rate per base |	0.01%
                       Insertion average length |	2.01
                             MULTI-MAPPING READS:
        Number of reads mapped to multiple loci |	24933557
             % of reads mapped to multiple loci |	11.41%
        Number of reads mapped to too many loci |	309192
             % of reads mapped to too many loci |	0.14%
                                  UNMAPPED READS:
  Number of reads unmapped: too many mismatches |	0
       % of reads unmapped: too many mismatches |	0.00%
            Number of reads unmapped: too short |	3668438
                 % of reads unmapped: too short |	1.68%
                Number of reads unmapped: other |	38345704
                     % of reads unmapped: other |	17.54%
                                  CHIMERIC READS:
                       Number of chimeric reads |	0
                            % of chimeric reads |	0.00%
