                                 Started job on |	Dec 08 12:18:53
                             Started mapping on |	Dec 08 12:19:17
                                    Finished on |	Dec 08 15:04:02
       Mapping speed, Million of reads per hour |	118.61

                          Number of input reads |	325694950
                      Average input read length |	307
                                    UNIQUE READS:
                   Uniquely mapped reads number |	267587631
                        Uniquely mapped reads % |	82.16%
                          Average mapped length |	308.99
                       Number of splices: Total |	116914678
            Number of splices: Annotated (sjdb) |	114766279
                       Number of splices: GT/AG |	115223248
                       Number of splices: GC/AG |	1051290
                       Number of splices: AT/AC |	83141
               Number of splices: Non-canonical |	556999
                      Mismatch rate per base, % |	0.48%
                         Deletion rate per base |	0.02%
                        Deletion average length |	2.11
                        Insertion rate per base |	0.02%
                       Insertion average length |	1.82
                             MULTI-MAPPING READS:
        Number of reads mapped to multiple loci |	19528503
             % of reads mapped to multiple loci |	6.00%
        Number of reads mapped to too many loci |	333638
             % of reads mapped to too many loci |	0.10%
                                  UNMAPPED READS:
  Number of reads unmapped: too many mismatches |	0
       % of reads unmapped: too many mismatches |	0.00%
            Number of reads unmapped: too short |	3508502
                 % of reads unmapped: too short |	1.08%
                Number of reads unmapped: other |	34736676
                     % of reads unmapped: other |	10.67%
                                  CHIMERIC READS:
                       Number of chimeric reads |	0
                            % of chimeric reads |	0.00%
