                                 Started job on |	Nov 21 21:48:48
                             Started mapping on |	Nov 21 21:48:58
                                    Finished on |	Nov 22 00:16:26
       Mapping speed, Million of reads per hour |	113.58

                          Number of input reads |	279147515
                      Average input read length |	304
                                    UNIQUE READS:
                   Uniquely mapped reads number |	221548035
                        Uniquely mapped reads % |	79.37%
                          Average mapped length |	305.25
                       Number of splices: Total |	114935447
            Number of splices: Annotated (sjdb) |	113219305
                       Number of splices: GT/AG |	113620526
                       Number of splices: GC/AG |	944487
                       Number of splices: AT/AC |	77782
               Number of splices: Non-canonical |	292652
                      Mismatch rate per base, % |	0.29%
                         Deletion rate per base |	0.01%
                        Deletion average length |	2.03
                        Insertion rate per base |	0.01%
                       Insertion average length |	2.01
                             MULTI-MAPPING READS:
        Number of reads mapped to multiple loci |	14680122
             % of reads mapped to multiple loci |	5.26%
        Number of reads mapped to too many loci |	211927
             % of reads mapped to too many loci |	0.08%
                                  UNMAPPED READS:
  Number of reads unmapped: too many mismatches |	0
       % of reads unmapped: too many mismatches |	0.00%
            Number of reads unmapped: too short |	42452940
                 % of reads unmapped: too short |	15.21%
                Number of reads unmapped: other |	254491
                     % of reads unmapped: other |	0.09%
                                  CHIMERIC READS:
                       Number of chimeric reads |	0
                            % of chimeric reads |	0.00%
