[2025-12-20 15:16:37] Copying to scratch...
[2025-12-20 15:18:16] Copy complete.
[2025-12-20 15:18:16] Generating output paths...
[2025-12-20 15:18:16] Paths created.
[2025-12-20 15:18:16] Setting Java max memory...
[2025-12-20 15:18:16] Beginning CIT conversion...
Picked up _JAVA_OPTIONS: -Xmx27g -Xms4g
[90m2025-12-20 21:18:16.827 INFO[0m OS: Linux 4.18.0-305.3.1.el8.x86_64 amd64
[90m2025-12-20 21:18:16.918 INFO[0m Java: OpenJDK 64-Bit Server VM 17.0.17+10
[90m2025-12-20 21:18:17.080 INFO[0m Discovering classes in classpath
[90m2025-12-20 21:18:17.613 INFO[0m Preparing simple class references
[90m2025-12-20 21:18:17.800 INFO[0m Gedi version 1.0.6a (JAR) startup
[90m2025-12-20 21:18:17.801 INFO[0m Command: gedi -e Bam2CIT output.cit 0m.bam 15m.bam 30m.bam 60m.bam 90m.bam 105m.bam 120m.bam no4sU.bam
Condition	Mitochondrial
0m	5441738.133335575
15m	3709602.833334893
30m	4897884.816667974
60m	1742685.733334303
90m	4081373.15000239
105m	4217834.583334863
120m	3589692.116667822
no4sU	2128940.4000018537

--------------------
Total	2.9809751766679674E7
[90m2025-12-21 10:55:03.188 INFO[0m Finished: gedi -e Bam2CIT output.cit 0m.bam 15m.bam 30m.bam 60m.bam 90m.bam 105m.bam 120m.bam no4sU.bam
[2025-12-21 04:55:04] Conversion complete.
[2025-12-21 04:55:04] Copying output back...
[2025-12-21 04:55:35] Copy complete, scratch cleared.
