[2025-12-20 15:35:11] Copying to scratch...
[2025-12-20 15:37:32] Copy complete.
[2025-12-20 15:37:32] Generating output paths...
[2025-12-20 15:37:32] Paths created.
[2025-12-20 15:37:32] Setting Java max memory...
[2025-12-20 15:37:32] Beginning CIT conversion...
Picked up _JAVA_OPTIONS: -Xmx27g -Xms4g
[90m2025-12-20 21:37:33.508 INFO[0m OS: Linux 4.18.0-305.3.1.el8.x86_64 amd64
[90m2025-12-20 21:37:33.604 INFO[0m Java: OpenJDK 64-Bit Server VM 17.0.17+10
[90m2025-12-20 21:37:33.765 INFO[0m Discovering classes in classpath
[90m2025-12-20 21:37:34.276 INFO[0m Preparing simple class references
[90m2025-12-20 21:37:34.507 INFO[0m Gedi version 1.0.6a (JAR) startup
[90m2025-12-20 21:37:34.508 INFO[0m Command: gedi -e Bam2CIT output.cit 0m.bam 15m.bam 30m.bam 45m.bam 60m.bam 75m.bam 90m.bam 105m.bam 120m.bam no4sU.bam
Condition	Mitochondrial
0m	1781438.8166683167
15m	4486999.7666697055
30m	1154814.6666794121
45m	2187561.3833390027
60m	1751728.5928608328
75m	2992048.152390003
90m	2609738.6500079185
105m	3903779.700006008
120m	4750572.316678286
no4sU	2128940.4000018537

--------------------
Total	2.774762244530134E7
[90m2025-12-21 15:33:02.720 INFO[0m Finished: gedi -e Bam2CIT output.cit 0m.bam 15m.bam 30m.bam 45m.bam 60m.bam 75m.bam 90m.bam 105m.bam 120m.bam no4sU.bam
[2025-12-21 09:33:03] Conversion complete.
[2025-12-21 09:33:03] Copying output back...
[2025-12-21 09:33:42] Copy complete, scratch cleared.
