[2025-12-20 15:16:37] Copying to scratch...
[2025-12-20 15:17:22] Copy complete.
[2025-12-20 15:17:22] Generating output paths...
[2025-12-20 15:17:22] Paths created.
[2025-12-20 15:17:22] Setting Java max memory...
[2025-12-20 15:17:22] Beginning CIT conversion...
Picked up _JAVA_OPTIONS: -Xmx27g -Xms4g
[90m2025-12-20 21:17:23.282 INFO[0m OS: Linux 4.18.0-305.3.1.el8.x86_64 amd64
[90m2025-12-20 21:17:23.387 INFO[0m Java: OpenJDK 64-Bit Server VM 17.0.17+10
[90m2025-12-20 21:17:23.559 INFO[0m Discovering classes in classpath
[90m2025-12-20 21:17:24.096 INFO[0m Preparing simple class references
[90m2025-12-20 21:17:24.344 INFO[0m Gedi version 1.0.6a (JAR) startup
[90m2025-12-20 21:17:24.345 INFO[0m Command: gedi -e Bam2CIT output.cit 0m.bam 30m.bam 105m.bam 120m.bam no4sU.bam
Condition	Mitochondrial
0m	1982154.6166693568
30m	1921390.300002426
105m	1062239.8833352327
120m	0.0
no4sU	1072089.5333351344

--------------------
Total	6037874.33334215
[90m2025-12-21 03:18:31.426 INFO[0m Finished: gedi -e Bam2CIT output.cit 0m.bam 30m.bam 105m.bam 120m.bam no4sU.bam
[2025-12-20 21:18:31] Conversion complete.
[2025-12-20 21:18:31] Copying output back...
[2025-12-20 21:18:53] Copy complete, scratch cleared.
