Setting Java memory...
Picked up _JAVA_OPTIONS: -Xmx25g -Xms4g
[90m2025-12-18 18:31:07.009 INFO[0m OS: Linux 4.18.0-305.3.1.el8.x86_64 amd64
[90m2025-12-18 18:31:07.063 INFO[0m Java: OpenJDK 64-Bit Server VM 17.0.17+10
[90m2025-12-18 18:31:07.125 INFO[0m Discovering classes in classpath
[90m2025-12-18 18:31:07.295 INFO[0m Preparing simple class references
[90m2025-12-18 18:31:07.396 INFO[0m Gedi version 1.0.6a (JAR) startup
[90m2025-12-18 18:31:07.420 INFO[0m Command: gedi -e Slam -genomic data/gedi_index/homo_sapiens.115.oml -reads data/cit_sample_sets/donor1_rep2.cit -prefix data/slam_quant/donor1_rep2/grandslam -introns -trim5p 10 -trim3p 10 -no4sUpattern control_no4sU -nthreads 16 -plot -full
[90m2025-12-18 18:31:07.421 INFO[0m GRAND-SLAM version 2.0.7b
[90m2025-12-18 18:31:07.567 INFO[0m Reading oml data/gedi_index/homo_sapiens.115.oml
[90m2025-12-18 18:31:07.575 INFO[0m Done reading oml data/gedi_index/homo_sapiens.115.oml
[90m2025-12-18 18:31:11.211 INFO[0m Starting SlamDetectSnps ...
[90m2025-12-18 18:31:11.219 INFO[0m Finding SNPs...
Warning: Non-unique gene body region; removed 1 nt for: ENSG00000286140,ENSG00000198920
[90m2025-12-18 18:45:30.550 INFO[0m Auto-Detecting sequencing mode: Sense:206771613 Antisense:842622286
[90m2025-12-18 18:45:30.579 INFO[0m Detected strand-specific sequencing (Antisense)
[90m2025-12-18 18:45:30.622 INFO[0m Finished SlamDetectSnps (time: 14m 19s 407ms)
[90m2025-12-18 18:45:30.624 INFO[0m Starting SlamCollectStatistics ...
[90m2025-12-18 18:45:31.223 INFO[0m Reading SNPs...
[90m2025-12-18 18:45:35.159 INFO[0m Read 1713601 SNPs!
[90m2025-12-18 18:45:35.162 INFO[0m Collecting reads for each gene (Strand: Antisense) ...
[90m2025-12-18 23:18:03.999 INFO[0m Writing statistics
[90m2025-12-18 23:18:04.711 INFO[0m Running R scripts for plotting
Error: C stack usage  7970180 is too close to the limit
Execution halted
[90m2025-12-18 23:18:06.473 INFO[0m Finished SlamCollectStatistics (time: 4h 32m 35s 849ms)
[90m2025-12-18 23:18:06.475 INFO[0m Starting SlamRates ...
[90m2025-12-18 23:18:06.563 INFO[0m Determining linear models using control_no4sU
[90m2025-12-18 23:18:06.800 INFO[0m errlm=TA*5.95554874376686
[90m2025-12-18 23:18:06.801 INFO[0m errlm2=TA*2.695741951114757
[90m2025-12-18 23:18:06.801 INFO[0m Estimate conversions for old RNA using linear model TA*5.95554874376686 for mismatches on exons
[90m2025-12-18 23:18:07.680 INFO[0m Estimate overlap conversions for old RNA using linear model TA*2.695741951114757 for double hits on exons
[90m2025-12-18 23:18:07.793 INFO[0m Estimate conversions for new RNA using EM
[90m2025-12-18 23:18:08.639 INFO[0m For 0m: old=0.0011898032552539826 new=0.05263650512870299 p in [0.005083399911811384,0.005160487886003064]
[90m2025-12-18 23:18:09.288 INFO[0m For 15m: old=7.413304054996414E-4 new=0.052622141368829034 p in [0.0035737790745582775,0.003624082581603983]
[90m2025-12-18 23:18:09.925 INFO[0m For 30m: old=0.001218178174669358 new=0.06305767766525605 p in [0.004594739366145875,0.0046486625185717945]
[90m2025-12-18 23:18:10.565 INFO[0m For 45m: old=0.001174599620007319 new=0.053191995486031374 p in [0.003803174986197509,0.0038578015762625916]
[90m2025-12-18 23:18:11.207 INFO[0m For 60m: old=8.935100141169861E-4 new=0.05048230857346425 p in [0.006153869137660753,0.0062466621593891165]
[90m2025-12-18 23:18:11.847 INFO[0m For 75m: old=6.882761375964356E-4 new=0.04830528594311545 p in [0.004493857628189874,0.0045613977178940715]
[90m2025-12-18 23:18:12.486 INFO[0m For 90m: old=0.0011452868411873855 new=0.05257980874239365 p in [0.0040166025702731796,0.0040709954092389925]
[90m2025-12-18 23:18:13.125 INFO[0m For 105m: old=7.631847820461771E-4 new=0.05065581545977693 p in [0.004403995083294511,0.004469976455973247]
[90m2025-12-18 23:18:13.767 INFO[0m For 120m: old=7.873836412996807E-4 new=0.052269807644279354 p in [0.004118092189616584,0.004170329372295934]
[90m2025-12-18 23:18:14.404 INFO[0m For control_no4sU: old=0.0012385228929002938 new=0.056295300752481126 p in [0.004182808065964494,0.00423564222850944]
[90m2025-12-18 23:18:14.406 INFO[0m Estimate conversions for new RNA in overlap using EM
[103;30m2025-12-18 23:18:14.425 WARNING[0m Too few reads (5308) usable for estimating error and conversion rates; maybe your experiments did not work. To circumvent this warning, invoke with smaller -minEstimateReads or specify rates directly via -conv/-err!
[90m2025-12-18 23:18:14.626 INFO[0m For 0m: old=3.6040313433131324E-4 new=0.053606193770519894 p in [9.418189997097332E-4,0.001006600625187308]
[103;30m2025-12-18 23:18:14.630 WARNING[0m Too few reads (8231) usable for estimating error and conversion rates; maybe your experiments did not work. To circumvent this warning, invoke with smaller -minEstimateReads or specify rates directly via -conv/-err!
[90m2025-12-18 23:18:14.836 INFO[0m For 15m: old=2.2442370416433756E-4 new=0.062060807249963545 p in [0.0010094810246665342,0.0010553152569574642]
[90m2025-12-18 23:18:15.035 INFO[0m For 30m: old=4.4572238295606704E-4 new=0.07075298192876289 p in [0.002573366158797524,0.0026282941970380514]
[103;30m2025-12-18 23:18:15.038 WARNING[0m Too few reads (9018) usable for estimating error and conversion rates; maybe your experiments did not work. To circumvent this warning, invoke with smaller -minEstimateReads or specify rates directly via -conv/-err!
[90m2025-12-18 23:18:15.239 INFO[0m For 45m: old=3.0676552236618933E-4 new=0.055635005934618675 p in [0.0014250947137860088,0.0014876113935787174]
[103;30m2025-12-18 23:18:15.242 WARNING[0m Too few reads (3374) usable for estimating error and conversion rates; maybe your experiments did not work. To circumvent this warning, invoke with smaller -minEstimateReads or specify rates directly via -conv/-err!
[90m2025-12-18 23:18:15.444 INFO[0m For 60m: old=3.9049977832491726E-4 new=0.05406748832638186 p in [9.281158470625128E-4,9.96000036119693E-4]
[103;30m2025-12-18 23:18:15.447 WARNING[0m Too few reads (9045) usable for estimating error and conversion rates; maybe your experiments did not work. To circumvent this warning, invoke with smaller -minEstimateReads or specify rates directly via -conv/-err!
[90m2025-12-18 23:18:15.646 INFO[0m For 75m: old=3.4628364658949263E-4 new=0.06321264893949774 p in [0.001016114844774048,0.001062792757482222]
[103;30m2025-12-18 23:18:15.649 WARNING[0m Too few reads (7491) usable for estimating error and conversion rates; maybe your experiments did not work. To circumvent this warning, invoke with smaller -minEstimateReads or specify rates directly via -conv/-err!
[90m2025-12-18 23:18:15.851 INFO[0m For 90m: old=3.5314084176294125E-4 new=0.05216143141433349 p in [9.718699954368168E-4,0.0010215101729051264]
[103;30m2025-12-18 23:18:15.855 WARNING[0m Too few reads (7079) usable for estimating error and conversion rates; maybe your experiments did not work. To circumvent this warning, invoke with smaller -minEstimateReads or specify rates directly via -conv/-err!
[90m2025-12-18 23:18:16.055 INFO[0m For 105m: old=2.620417782324165E-4 new=0.05829609322563556 p in [0.0016392116576558688,0.0017101969470367483]
[103;30m2025-12-18 23:18:16.058 WARNING[0m Too few reads (9108) usable for estimating error and conversion rates; maybe your experiments did not work. To circumvent this warning, invoke with smaller -minEstimateReads or specify rates directly via -conv/-err!
[90m2025-12-18 23:18:16.259 INFO[0m For 120m: old=2.662241428482988E-4 new=0.059691496940558864 p in [0.001301391702670362,0.0013505264012033868]
[90m2025-12-18 23:18:16.466 INFO[0m For control_no4sU: old=3.317099027048675E-4 new=0.05604144330982308 p in [4.951670796009243E-4,5.261221985024592E-4]
[90m2025-12-18 23:18:16.467 INFO[0m For 0m, conv_old=0.00119 conv_new=0.0526 dconv_old=0.000360 dconv_new=0.0536
[90m2025-12-18 23:18:16.467 INFO[0m For 15m, conv_old=0.000741 conv_new=0.0526 dconv_old=0.000224 dconv_new=0.0621
[90m2025-12-18 23:18:16.467 INFO[0m For 30m, conv_old=0.00122 conv_new=0.0631 dconv_old=0.000446 dconv_new=0.0708
[90m2025-12-18 23:18:16.468 INFO[0m For 45m, conv_old=0.00117 conv_new=0.0532 dconv_old=0.000307 dconv_new=0.0556
[90m2025-12-18 23:18:16.468 INFO[0m For 60m, conv_old=0.000894 conv_new=0.0505 dconv_old=0.000390 dconv_new=0.0541
[90m2025-12-18 23:18:16.468 INFO[0m For 75m, conv_old=0.000688 conv_new=0.0483 dconv_old=0.000346 dconv_new=0.0632
[90m2025-12-18 23:18:16.468 INFO[0m For 90m, conv_old=0.00115 conv_new=0.0526 dconv_old=0.000353 dconv_new=0.0522
[90m2025-12-18 23:18:16.468 INFO[0m For 105m, conv_old=0.000763 conv_new=0.0507 dconv_old=0.000262 dconv_new=0.0583
[90m2025-12-18 23:18:16.468 INFO[0m For 120m, conv_old=0.000787 conv_new=0.0523 dconv_old=0.000266 dconv_new=0.0597
[90m2025-12-18 23:18:16.468 INFO[0m For control_no4sU, conv_old=0.00124 conv_new=0.0563 dconv_old=0.000332 dconv_new=0.0560
[90m2025-12-18 23:18:17.452 INFO[0m Running R scripts for plotting
Error: C stack usage  7976164 is too close to the limit
Execution halted
[90m2025-12-18 23:18:17.762 INFO[0m Running R scripts for plotting
Error: C stack usage  7974308 is too close to the limit
Execution halted
[90m2025-12-18 23:18:18.065 INFO[0m Finished SlamRates (time: 11s 589ms)
[90m2025-12-18 23:18:18.066 INFO[0m Starting SlamInfer ...
[90m2025-12-18 23:18:18.172 INFO[0m Preparing inference...
[90m2025-12-18 23:18:18.473 INFO[0m Infering old/new proportion...
[90m2025-12-18 23:20:36.171 INFO[0m Running R scripts for plotting
Error: C stack usage  7976708 is too close to the limit
Execution halted
[90m2025-12-18 23:20:36.512 INFO[0m Finished SlamInfer (time: 2m 18s 437ms)
[90m2025-12-18 23:20:36.515 INFO[0m Removing temp file data/slam_quant/donor1_rep2/grandslam.snpdata
[90m2025-12-18 23:20:36.515 INFO[0m Removing temp file data/slam_quant/donor1_rep2/grandslam.genedata
[90m2025-12-18 23:20:36.619 INFO[0m Removing temp file data/slam_quant/donor1_rep2/grandslam.extdata
